{"meta": {"format": 3, "version": "7.10.7", "timestamp": "2025-12-24T16:11:27.061946", "branch_coverage": false, "show_contexts": false}, "files": {"run_all_tests.py": {"executed_lines": [], "summary": {"covered_lines": 0, "num_statements": 29, "percent_covered": 0.0, "percent_covered_display": "0", "missing_lines": 29, "excluded_lines": 0}, "missing_lines": [1, 2, 3, 4, 7, 9, 11, 12, 13, 14, 15, 17, 19, 32, 33, 34, 36, 38, 40, 41, 43, 45, 46, 50, 51, 52, 54, 57, 58], "excluded_lines": [], "functions": {"run_tests": {"executed_lines": [], "summary": {"covered_lines": 0, "num_statements": 22, "percent_covered": 0.0, "percent_covered_display": "0", "missing_lines": 22, "excluded_lines": 0}, "missing_lines": [9, 11, 12, 13, 14, 15, 17, 19, 32, 33, 34, 36, 38, 40, 41, 43, 45, 46, 50, 51, 52, 54], "excluded_lines": []}, "": {"executed_lines": [], "summary": {"covered_lines": 0, "num_statements": 7, "percent_covered": 0.0, "percent_covered_display": "0", "missing_lines": 7, "excluded_lines": 0}, "missing_lines": [1, 2, 3, 4, 7, 57, 58], "excluded_lines": []}}, "classes": {"": {"executed_lines": [], "summary": {"covered_lines": 0, "num_statements": 29, "percent_covered": 0.0, "percent_covered_display": "0", "missing_lines": 29, "excluded_lines": 0}, "missing_lines": [1, 2, 3, 4, 7, 9, 11, 12, 13, 14, 15, 17, 19, 32, 33, 34, 36, 38, 40, 41, 43, 45, 46, 50, 51, 52, 54, 57, 58], "excluded_lines": []}}}, "src\\__init__.py": {"executed_lines": [0], "summary": {"covered_lines": 0, "num_statements": 0, "percent_covered": 100.0, "percent_covered_display": "100", "missing_lines": 0, "excluded_lines": 0}, "missing_lines": [], "excluded_lines": [], "functions": {"": {"executed_lines": [], "summary": {"covered_lines": 0, "num_statements": 0, "percent_covered": 100.0, "percent_covered_display": "100", "missing_lines": 0, "excluded_lines": 0}, "missing_lines": [], "excluded_lines": []}}, "classes": {"": {"executed_lines": [], "summary": {"covered_lines": 0, "num_statements": 0, "percent_covered": 100.0, "percent_covered_display": "100", "missing_lines": 0, "excluded_lines": 0}, "missing_lines": [], "excluded_lines": []}}}, "src\\config.py": {"executed_lines": [1, 2, 3, 5, 7, 8, 10, 11, 13, 14, 15, 16, 18, 20, 22, 23, 25, 26, 28, 31, 38, 39, 41], "summary": {"covered_lines": 23, "num_statements": 29, "percent_covered": 79.3103448275862, "percent_covered_display": "79", "missing_lines": 6, "excluded_lines": 0}, "missing_lines": [29, 32, 33, 34, 35, 36], "excluded_lines": [], "functions": {"Config.__post_init__": {"executed_lines": [22, 23, 25, 26], "summary": {"covered_lines": 4, "num_statements": 4, "percent_covered": 100.0, "percent_covered_display": "100", "missing_lines": 0, "excluded_lines": 0}, "missing_lines": [], "excluded_lines": []}, "Config.is_admin": {"executed_lines": [], "summary": {"covered_lines": 0, "num_statements": 1, "percent_covered": 0.0, "percent_covered_display": "0", "missing_lines": 1, "excluded_lines": 0}, "missing_lines": [29], "excluded_lines": []}, "Config.toggle_admin_mode": {"executed_lines": [], "summary": {"covered_lines": 0, "num_statements": 5, "percent_covered": 0.0, "percent_covered_display": "0", "missing_lines": 5, "excluded_lines": 0}, "missing_lines": [32, 33, 34, 35, 36], "excluded_lines": []}, "Config.get_admin_mode": {"executed_lines": [39], "summary": {"covered_lines": 1, "num_statements": 1, "percent_covered": 100.0, "percent_covered_display": "100", "missing_lines": 0, "excluded_lines": 0}, "missing_lines": [], "excluded_lines": []}, "": {"executed_lines": [1, 2, 3, 5, 7, 8, 10, 11, 13, 14, 15, 16, 18, 20, 28, 31, 38, 41], "summary": {"covered_lines": 18, "num_statements": 18, "percent_covered": 100.0, "percent_covered_display": "100", "missing_lines": 0, "excluded_lines": 0}, "missing_lines": [], "excluded_lines": []}}, "classes": {"Config": {"executed_lines": [22, 23, 25, 26, 39], "summary": {"covered_lines": 5, "num_statements": 11, "percent_covered": 45.45454545454545, "percent_covered_display": "45", "missing_lines": 6, "excluded_lines": 0}, "missing_lines": [29, 32, 33, 34, 35, 36], "excluded_lines": []}, "": {"executed_lines": [1, 2, 3, 5, 7, 8, 10, 11, 13, 14, 15, 16, 18, 20, 28, 31, 38, 41], "summary": {"covered_lines": 18, "num_statements": 18, "percent_covered": 100.0, "percent_covered_display": "100", "missing_lines": 0, "excluded_lines": 0}, "missing_lines": [], "excluded_lines": []}}}, "src\\database\\__init__.py": {"executed_lines": [0], "summary": {"covered_lines": 0, "num_statements": 0, "percent_covered": 100.0, "percent_covered_display": "100", "missing_lines": 0, "excluded_lines": 0}, "missing_lines": [], "excluded_lines": [], "functions": {"": {"executed_lines": [], "summary": {"covered_lines": 0, "num_statements": 0, "percent_covered": 100.0, "percent_covered_display": "100", "missing_lines": 0, "excluded_lines": 0}, "missing_lines": [], "excluded_lines": []}}, "classes": {"": {"executed_lines": [], "summary": {"covered_lines": 0, "num_statements": 0, "percent_covered": 100.0, "percent_covered_display": "100", "missing_lines": 0, "excluded_lines": 0}, "missing_lines": [], "excluded_lines": []}}}, "src\\database\\sqlite.py": {"executed_lines": [2, 3, 4, 5, 6, 9, 10, 11, 12, 13, 14, 18, 21, 22, 23, 26, 28, 29, 31, 32, 34, 36, 39, 40, 41, 44, 45, 47, 48, 50, 53, 55, 56, 58, 59, 61, 66, 82, 83, 84, 85, 86, 87, 95, 96, 98, 103, 104, 105, 106, 107, 108, 114, 115, 117, 119, 122, 123, 124, 127, 143, 157, 169, 171, 172, 176, 177, 178, 179, 180, 183, 184, 186, 190, 194, 197, 198, 199, 200, 202, 204, 205, 206, 207, 208, 209, 210, 211, 213, 215, 216, 217, 218, 219, 220, 221, 222, 224, 226, 227, 228, 231, 232, 233, 235, 236, 237, 242, 244, 246, 247, 248, 249, 250, 251, 252, 253, 255, 259, 260, 261, 262, 263, 266, 271, 273, 274, 277, 282, 285, 290, 292, 294, 301, 302, 303, 304, 306, 308, 309, 310, 311, 312, 316, 318, 320, 321, 322, 323, 324, 325, 333, 334, 336, 340, 341, 342, 343, 346, 351, 355, 359, 361, 363, 364, 365, 366, 367, 368, 377, 378, 380, 382, 383, 384, 385, 386, 389, 396, 398, 400, 407, 408, 409, 410, 412, 414, 416, 417, 418, 419, 420, 427, 428, 430, 432, 433, 434, 435, 436, 437, 444, 445, 447, 449, 450, 451, 452, 453, 458, 460, 462, 465, 466, 467, 468, 471, 475, 477, 480, 483, 496, 499, 500, 501, 502, 506, 508, 509, 512, 513, 527, 529, 531, 536, 537, 538, 539, 540, 543, 547, 549, 552, 553, 556, 569, 572, 573, 574, 575, 581, 590, 591, 594, 596, 597, 599, 600, 601, 603, 606], "summary": {"covered_lines": 261, "num_statements": 278, "percent_covered": 93.88489208633094, "percent_covered_display": "94", "missing_lines": 17, "excluded_lines": 0}, "missing_lines": [67, 68, 69, 70, 71, 77, 78, 80, 187, 229, 352, 478, 503, 504, 550, 576, 577], "excluded_lines": [], "functions": {"SQLiteDatabase.__init__": {"executed_lines": [11, 12, 13, 14], "summary": {"covered_lines": 4, "num_statements": 4, "percent_covered": 100.0, "percent_covered_display": "100", "missing_lines": 0, "excluded_lines": 0}, "missing_lines": [], "excluded_lines": []}, "SQLiteDatabase.delete_user": {"executed_lines": [21, 34], "summary": {"covered_lines": 2, "num_statements": 2, "percent_covered": 100.0, "percent_covered_display": "100", "missing_lines": 0, "excluded_lines": 0}, "missing_lines": [], "excluded_lines": []}, "SQLiteDatabase.delete_user._delete": {"executed_lines": [22, 23, 26, 28, 29, 31, 32], "summary": {"covered_lines": 7, "num_statements": 7, "percent_covered": 100.0, "percent_covered_display": "100", "missing_lines": 0, "excluded_lines": 0}, "missing_lines": [], "excluded_lines": []}, "SQLiteDatabase.delete_user_by_tg_id": {"executed_lines": [39, 61], "summary": {"covered_lines": 2, "num_statements": 2, "percent_covered": 100.0, "percent_covered_display": "100", "missing_lines": 0, "excluded_lines": 0}, "missing_lines": [], "excluded_lines": []}, "SQLiteDatabase.delete_user_by_tg_id._delete": {"executed_lines": [40, 41, 44, 45, 47, 48, 50, 53, 55, 56, 58, 59], "summary": {"covered_lines": 12, "num_statements": 12, "percent_covered": 100.0, "percent_covered_display": "100", "missing_lines": 0, "excluded_lines": 0}, "missing_lines": [], "excluded_lines": []}, "SQLiteDatabase.get_moderation_by_id": {"executed_lines": [104, 117], "summary": {"covered_lines": 2, "num_statements": 2, "percent_covered": 100.0, "percent_covered_display": "100", "missing_lines": 0, "excluded_lines": 0}, "missing_lines": [], "excluded_lines": []}, "SQLiteDatabase.get_moderation_by_id._get": {"executed_lines": [105, 106, 107, 108, 114, 115], "summary": {"covered_lines": 6, "num_statements": 6, "percent_covered": 100.0, "percent_covered_display": "100", "missing_lines": 0, "excluded_lines": 0}, "missing_lines": [], "excluded_lines": []}, "SQLiteDatabase.get_pending_moderation_by_user": {"executed_lines": [83, 98], "summary": {"covered_lines": 2, "num_statements": 2, "percent_covered": 100.0, "percent_covered_display": "100", "missing_lines": 0, "excluded_lines": 0}, "missing_lines": [], "excluded_lines": []}, "SQLiteDatabase.get_pending_moderation_by_user._get": {"executed_lines": [84, 85, 86, 87, 95, 96], "summary": {"covered_lines": 6, "num_statements": 6, "percent_covered": 100.0, "percent_covered_display": "100", "missing_lines": 0, "excluded_lines": 0}, "missing_lines": [], "excluded_lines": []}, "SQLiteDatabase.init_db": {"executed_lines": [122, 171, 172], "summary": {"covered_lines": 3, "num_statements": 3, "percent_covered": 100.0, "percent_covered_display": "100", "missing_lines": 0, "excluded_lines": 0}, "missing_lines": [], "excluded_lines": []}, "SQLiteDatabase.init_db._init": {"executed_lines": [123, 124, 127, 143, 157, 169], "summary": {"covered_lines": 6, "num_statements": 6, "percent_covered": 100.0, "percent_covered_display": "100", "missing_lines": 0, "excluded_lines": 0}, "missing_lines": [], "excluded_lines": []}, "SQLiteDatabase.create_or_get_user": {"executed_lines": [177, 202], "summary": {"covered_lines": 2, "num_statements": 2, "percent_covered": 100.0, "percent_covered_display": "100", "missing_lines": 0, "excluded_lines": 0}, "missing_lines": [], "excluded_lines": []}, "SQLiteDatabase.create_or_get_user._create_or_get": {"executed_lines": [178, 179, 180, 183, 184, 186, 190, 194, 197, 198, 199, 200], "summary": {"covered_lines": 12, "num_statements": 13, "percent_covered": 92.3076923076923, "percent_covered_display": "92", "missing_lines": 1, "excluded_lines": 0}, "missing_lines": [187], "excluded_lines": []}, "SQLiteDatabase.get_user_by_id": {"executed_lines": [205, 213], "summary": {"covered_lines": 2, "num_statements": 2, "percent_covered": 100.0, "percent_covered_display": "100", "missing_lines": 0, "excluded_lines": 0}, "missing_lines": [], "excluded_lines": []}, "SQLiteDatabase.get_user_by_id._get": {"executed_lines": [206, 207, 208, 209, 210, 211], "summary": {"covered_lines": 6, "num_statements": 6, "percent_covered": 100.0, "percent_covered_display": "100", "missing_lines": 0, "excluded_lines": 0}, "missing_lines": [], "excluded_lines": []}, "SQLiteDatabase.get_user_by_tg": {"executed_lines": [216, 224], "summary": {"covered_lines": 2, "num_statements": 2, "percent_covered": 100.0, "percent_covered_display": "100", "missing_lines": 0, "excluded_lines": 0}, "missing_lines": [], "excluded_lines": []}, "SQLiteDatabase.get_user_by_tg._get": {"executed_lines": [217, 218, 219, 220, 221, 222], "summary": {"covered_lines": 6, "num_statements": 6, "percent_covered": 100.0, "percent_covered_display": "100", "missing_lines": 0, "excluded_lines": 0}, "missing_lines": [], "excluded_lines": []}, "SQLiteDatabase.update_user": {"executed_lines": [227, 244], "summary": {"covered_lines": 2, "num_statements": 2, "percent_covered": 100.0, "percent_covered_display": "100", "missing_lines": 0, "excluded_lines": 0}, "missing_lines": [], "excluded_lines": []}, "SQLiteDatabase.update_user._update": {"executed_lines": [228, 231, 232, 233, 235, 236, 237, 242], "summary": {"covered_lines": 8, "num_statements": 9, "percent_covered": 88.88888888888889, "percent_covered_display": "89", "missing_lines": 1, "excluded_lines": 0}, "missing_lines": [229], "excluded_lines": []}, "SQLiteDatabase.get_all_active_users": {"executed_lines": [247, 255], "summary": {"covered_lines": 2, "num_statements": 2, "percent_covered": 100.0, "percent_covered_display": "100", "missing_lines": 0, "excluded_lines": 0}, "missing_lines": [], "excluded_lines": []}, "SQLiteDatabase.get_all_active_users._get": {"executed_lines": [248, 249, 250, 251, 252, 253], "summary": {"covered_lines": 6, "num_statements": 6, "percent_covered": 100.0, "percent_covered_display": "100", "missing_lines": 0, "excluded_lines": 0}, "missing_lines": [], "excluded_lines": []}, "SQLiteDatabase.add_like": {"executed_lines": [260, 306], "summary": {"covered_lines": 2, "num_statements": 2, "percent_covered": 100.0, "percent_covered_display": "100", "missing_lines": 0, "excluded_lines": 0}, "missing_lines": [], "excluded_lines": []}, "SQLiteDatabase.add_like._add": {"executed_lines": [261, 262, 263, 266, 271, 273, 274, 277, 282, 285, 290, 292, 294, 301, 302, 303, 304], "summary": {"covered_lines": 17, "num_statements": 17, "percent_covered": 100.0, "percent_covered_display": "100", "missing_lines": 0, "excluded_lines": 0}, "missing_lines": [], "excluded_lines": []}, "SQLiteDatabase.has_liked": {"executed_lines": [309, 318], "summary": {"covered_lines": 2, "num_statements": 2, "percent_covered": 100.0, "percent_covered_display": "100", "missing_lines": 0, "excluded_lines": 0}, "missing_lines": [], "excluded_lines": []}, "SQLiteDatabase.has_liked._check": {"executed_lines": [310, 311, 312, 316], "summary": {"covered_lines": 4, "num_statements": 4, "percent_covered": 100.0, "percent_covered_display": "100", "missing_lines": 0, "excluded_lines": 0}, "missing_lines": [], "excluded_lines": []}, "SQLiteDatabase.get_likes_to_user": {"executed_lines": [321, 336], "summary": {"covered_lines": 2, "num_statements": 2, "percent_covered": 100.0, "percent_covered_display": "100", "missing_lines": 0, "excluded_lines": 0}, "missing_lines": [], "excluded_lines": []}, "SQLiteDatabase.get_likes_to_user._get": {"executed_lines": [322, 323, 324, 325, 333, 334], "summary": {"covered_lines": 6, "num_statements": 6, "percent_covered": 100.0, "percent_covered_display": "100", "missing_lines": 0, "excluded_lines": 0}, "missing_lines": [], "excluded_lines": []}, "SQLiteDatabase.add_moderation": {"executed_lines": [341, 361], "summary": {"covered_lines": 2, "num_statements": 2, "percent_covered": 100.0, "percent_covered_display": "100", "missing_lines": 0, "excluded_lines": 0}, "missing_lines": [], "excluded_lines": []}, "SQLiteDatabase.add_moderation._add": {"executed_lines": [342, 343, 346, 351, 355, 359], "summary": {"covered_lines": 6, "num_statements": 7, "percent_covered": 85.71428571428571, "percent_covered_display": "86", "missing_lines": 1, "excluded_lines": 0}, "missing_lines": [352], "excluded_lines": []}, "SQLiteDatabase.get_pending_moderation": {"executed_lines": [364, 380], "summary": {"covered_lines": 2, "num_statements": 2, "percent_covered": 100.0, "percent_covered_display": "100", "missing_lines": 0, "excluded_lines": 0}, "missing_lines": [], "excluded_lines": []}, "SQLiteDatabase.get_pending_moderation._get": {"executed_lines": [365, 366, 367, 368, 377, 378], "summary": {"covered_lines": 6, "num_statements": 6, "percent_covered": 100.0, "percent_covered_display": "100", "missing_lines": 0, "excluded_lines": 0}, "missing_lines": [], "excluded_lines": []}, "SQLiteDatabase.set_moderation_status": {"executed_lines": [383, 414], "summary": {"covered_lines": 2, "num_statements": 2, "percent_covered": 100.0, "percent_covered_display": "100", "missing_lines": 0, "excluded_lines": 0}, "missing_lines": [], "excluded_lines": []}, "SQLiteDatabase.set_moderation_status._set": {"executed_lines": [384, 385, 386, 389, 396, 398, 400, 407, 408, 409, 410, 412], "summary": {"covered_lines": 12, "num_statements": 12, "percent_covered": 100.0, "percent_covered_display": "100", "missing_lines": 0, "excluded_lines": 0}, "missing_lines": [], "excluded_lines": []}, "SQLiteDatabase.get_user_moderation_status": {"executed_lines": [417, 430], "summary": {"covered_lines": 2, "num_statements": 2, "percent_covered": 100.0, "percent_covered_display": "100", "missing_lines": 0, "excluded_lines": 0}, "missing_lines": [], "excluded_lines": []}, "SQLiteDatabase.get_user_moderation_status._get": {"executed_lines": [418, 419, 420, 427, 428], "summary": {"covered_lines": 5, "num_statements": 5, "percent_covered": 100.0, "percent_covered_display": "100", "missing_lines": 0, "excluded_lines": 0}, "missing_lines": [], "excluded_lines": []}, "SQLiteDatabase.get_moderation_by_user_and_photo": {"executed_lines": [433, 447], "summary": {"covered_lines": 2, "num_statements": 2, "percent_covered": 100.0, "percent_covered_display": "100", "missing_lines": 0, "excluded_lines": 0}, "missing_lines": [], "excluded_lines": []}, "SQLiteDatabase.get_moderation_by_user_and_photo._get": {"executed_lines": [434, 435, 436, 437, 444, 445], "summary": {"covered_lines": 6, "num_statements": 6, "percent_covered": 100.0, "percent_covered_display": "100", "missing_lines": 0, "excluded_lines": 0}, "missing_lines": [], "excluded_lines": []}, "SQLiteDatabase.update_user_photo": {"executed_lines": [450, 460], "summary": {"covered_lines": 2, "num_statements": 2, "percent_covered": 100.0, "percent_covered_display": "100", "missing_lines": 0, "excluded_lines": 0}, "missing_lines": [], "excluded_lines": []}, "SQLiteDatabase.update_user_photo._update": {"executed_lines": [451, 452, 453, 458], "summary": {"covered_lines": 4, "num_statements": 4, "percent_covered": 100.0, "percent_covered_display": "100", "missing_lines": 0, "excluded_lines": 0}, "missing_lines": [], "excluded_lines": []}, "SQLiteDatabase.get_any_candidate": {"executed_lines": [465, 531], "summary": {"covered_lines": 2, "num_statements": 2, "percent_covered": 100.0, "percent_covered_display": "100", "missing_lines": 0, "excluded_lines": 0}, "missing_lines": [], "excluded_lines": []}, "SQLiteDatabase.get_any_candidate._get": {"executed_lines": [466, 467, 468, 471, 475, 477, 480, 483, 496, 499, 500, 501, 502, 506, 508, 509, 512, 513, 527, 529], "summary": {"covered_lines": 20, "num_statements": 23, "percent_covered": 86.95652173913044, "percent_covered_display": "87", "missing_lines": 3, "excluded_lines": 0}, "missing_lines": [478, 503, 504], "excluded_lines": []}, "SQLiteDatabase.get_next_candidate": {"executed_lines": [537, 603], "summary": {"covered_lines": 2, "num_statements": 2, "percent_covered": 100.0, "percent_covered_display": "100", "missing_lines": 0, "excluded_lines": 0}, "missing_lines": [], "excluded_lines": []}, "SQLiteDatabase.get_next_candidate._get": {"executed_lines": [538, 539, 540, 543, 547, 549, 552, 553, 556, 569, 572, 573, 574, 575, 581, 590, 591, 594, 596, 597, 599, 600, 601], "summary": {"covered_lines": 23, "num_statements": 26, "percent_covered": 88.46153846153847, "percent_covered_display": "88", "missing_lines": 3, "excluded_lines": 0}, "missing_lines": [550, 576, 577], "excluded_lines": []}, "": {"executed_lines": [2, 3, 4, 5, 6, 9, 10, 18, 36, 66, 82, 103, 119, 176, 204, 215, 226, 246, 259, 308, 320, 340, 363, 382, 416, 432, 449, 462, 536, 606], "summary": {"covered_lines": 30, "num_statements": 30, "percent_covered": 100.0, "percent_covered_display": "100", "missing_lines": 0, "excluded_lines": 0}, "missing_lines": [], "excluded_lines": []}}, "classes": {"SQLiteDatabase": {"executed_lines": [11, 12, 13, 14, 21, 22, 23, 26, 28, 29, 31, 32, 34, 39, 40, 41, 44, 45, 47, 48, 50, 53, 55, 56, 58, 59, 61, 83, 84, 85, 86, 87, 95, 96, 98, 104, 105, 106, 107, 108, 114, 115, 117, 122, 123, 124, 127, 143, 157, 169, 171, 172, 177, 178, 179, 180, 183, 184, 186, 190, 194, 197, 198, 199, 200, 202, 205, 206, 207, 208, 209, 210, 211, 213, 216, 217, 218, 219, 220, 221, 222, 224, 227, 228, 231, 232, 233, 235, 236, 237, 242, 244, 247, 248, 249, 250, 251, 252, 253, 255, 260, 261, 262, 263, 266, 271, 273, 274, 277, 282, 285, 290, 292, 294, 301, 302, 303, 304, 306, 309, 310, 311, 312, 316, 318, 321, 322, 323, 324, 325, 333, 334, 336, 341, 342, 343, 346, 351, 355, 359, 361, 364, 365, 366, 367, 368, 377, 378, 380, 383, 384, 385, 386, 389, 396, 398, 400, 407, 408, 409, 410, 412, 414, 417, 418, 419, 420, 427, 428, 430, 433, 434, 435, 436, 437, 444, 445, 447, 450, 451, 452, 453, 458, 460, 465, 466, 467, 468, 471, 475, 477, 480, 483, 496, 499, 500, 501, 502, 506, 508, 509, 512, 513, 527, 529, 531, 537, 538, 539, 540, 543, 547, 549, 552, 553, 556, 569, 572, 573, 574, 575, 581, 590, 591, 594, 596, 597, 599, 600, 601, 603], "summary": {"covered_lines": 231, "num_statements": 248, "percent_covered": 93.14516129032258, "percent_covered_display": "93", "missing_lines": 17, "excluded_lines": 0}, "missing_lines": [67, 68, 69, 70, 71, 77, 78, 80, 187, 229, 352, 478, 503, 504, 550, 576, 577], "excluded_lines": []}, "": {"executed_lines": [2, 3, 4, 5, 6, 9, 10, 18, 36, 66, 82, 103, 119, 176, 204, 215, 226, 246, 259, 308, 320, 340, 363, 382, 416, 432, 449, 462, 536, 606], "summary": {"covered_lines": 30, "num_statements": 30, "percent_covered": 100.0, "percent_covered_display": "100", "missing_lines": 0, "excluded_lines": 0}, "missing_lines": [], "excluded_lines": []}}}, "src\\handlers\\__init__.py": {"executed_lines": [0], "summary": {"covered_lines": 0, "num_statements": 0, "percent_covered": 100.0, "percent_covered_display": "100", "missing_lines": 0, "excluded_lines": 0}, "missing_lines": [], "excluded_lines": [], "functions": {"": {"executed_lines": [], "summary": {"covered_lines": 0, "num_statements": 0, "percent_covered": 100.0, "percent_covered_display": "100", "missing_lines": 0, "excluded_lines": 0}, "missing_lines": [], "excluded_lines": []}}, "classes": {"": {"executed_lines": [], "summary": {"covered_lines": 0, "num_statements": 0, "percent_covered": 100.0, "percent_covered_display": "100", "missing_lines": 0, "excluded_lines": 0}, "missing_lines": [], "excluded_lines": []}}}, "src\\handlers\\admin.py": {"executed_lines": [1, 2, 3, 4, 5, 6, 7, 9, 10, 12, 15, 16, 17, 20, 34, 44, 45, 79, 126, 127, 129, 132, 134, 135, 136, 139, 140, 142, 143, 145, 146, 149, 150, 152, 153, 156, 157, 159, 160, 162, 172, 174, 189, 192, 193, 195, 198, 207, 214, 215, 223, 224, 237, 241, 290, 294, 324, 328, 335, 336, 384, 385, 463, 483, 520, 521, 523, 527, 531, 532, 537, 539, 543, 557, 559, 560, 561, 563, 564, 566, 567, 569, 571, 573, 575, 577, 584, 591, 594, 595, 597, 601, 605, 606, 612, 614, 619, 621, 622, 632, 633, 635, 639, 642, 644, 649, 651, 652, 660, 664, 665], "summary": {"covered_lines": 111, "num_statements": 308, "percent_covered": 36.03896103896104, "percent_covered_display": "36", "missing_lines": 197, "excluded_lines": 0}, "missing_lines": [22, 36, 47, 48, 49, 52, 54, 56, 58, 59, 60, 63, 65, 66, 72, 81, 83, 84, 85, 87, 89, 90, 91, 94, 101, 106, 107, 108, 113, 114, 120, 130, 196, 217, 218, 220, 226, 227, 230, 231, 242, 243, 244, 246, 248, 249, 251, 252, 253, 254, 255, 261, 262, 264, 266, 267, 268, 269, 271, 272, 273, 274, 276, 277, 279, 280, 285, 286, 296, 297, 298, 300, 301, 302, 304, 305, 306, 309, 311, 312, 316, 320, 321, 330, 331, 332, 338, 339, 340, 341, 343, 344, 345, 346, 347, 350, 352, 353, 354, 355, 358, 360, 367, 381, 386, 387, 388, 390, 391, 392, 395, 397, 398, 399, 401, 402, 405, 407, 408, 409, 411, 413, 415, 418, 419, 420, 421, 423, 426, 427, 428, 433, 434, 436, 437, 440, 441, 442, 447, 448, 451, 452, 453, 454, 455, 456, 457, 460, 465, 467, 468, 469, 470, 471, 477, 478, 480, 485, 487, 488, 490, 491, 498, 503, 504, 509, 510, 516, 524, 525, 528, 529, 533, 534, 535, 540, 541, 598, 599, 602, 603, 607, 608, 609, 615, 616, 626, 636, 637, 645, 646, 656, 667, 668, 669, 671, 688], "excluded_lines": [], "functions": {"get_admin_menu": {"executed_lines": [], "summary": {"covered_lines": 0, "num_statements": 1, "percent_covered": 0.0, "percent_covered_display": "0", "missing_lines": 1, "excluded_lines": 0}, "missing_lines": [22], "excluded_lines": []}, "get_main_menu_for_admin": {"executed_lines": [], "summary": {"covered_lines": 0, "num_statements": 1, "percent_covered": 0.0, "percent_covered_display": "0", "missing_lines": 1, "excluded_lines": 0}, "missing_lines": [36], "excluded_lines": []}, "cmd_admin": {"executed_lines": [], "summary": {"covered_lines": 0, "num_statements": 13, "percent_covered": 0.0, "percent_covered_display": "0", "missing_lines": 13, "excluded_lines": 0}, "missing_lines": [47, 48, 49, 52, 54, 56, 58, 59, 60, 63, 65, 66, 72], "excluded_lines": []}, "show_moderation_photo": {"executed_lines": [], "summary": {"covered_lines": 0, "num_statements": 16, "percent_covered": 0.0, "percent_covered_display": "0", "missing_lines": 16, "excluded_lines": 0}, "missing_lines": [81, 83, 84, 85, 87, 89, 90, 91, 94, 101, 106, 107, 108, 113, 114, 120], "excluded_lines": []}, "admin_stats": {"executed_lines": [129, 132, 134, 172, 174, 189], "summary": {"covered_lines": 6, "num_statements": 7, "percent_covered": 85.71428571428571, "percent_covered_display": "86", "missing_lines": 1, "excluded_lines": 0}, "missing_lines": [130], "excluded_lines": []}, "admin_stats._get_stats": {"executed_lines": [135, 136, 139, 140, 142, 143, 145, 146, 149, 150, 152, 153, 156, 157, 159, 160, 162], "summary": {"covered_lines": 17, "num_statements": 17, "percent_covered": 100.0, "percent_covered_display": "100", "missing_lines": 0, "excluded_lines": 0}, "missing_lines": [], "excluded_lines": []}, "admin_users_management": {"executed_lines": [195, 198, 207], "summary": {"covered_lines": 3, "num_statements": 4, "percent_covered": 75.0, "percent_covered_display": "75", "missing_lines": 1, "excluded_lines": 0}, "missing_lines": [196], "excluded_lines": []}, "admin_moderation": {"executed_lines": [], "summary": {"covered_lines": 0, "num_statements": 3, "percent_covered": 0.0, "percent_covered_display": "0", "missing_lines": 3, "excluded_lines": 0}, "missing_lines": [217, 218, 220], "excluded_lines": []}, "admin_exit": {"executed_lines": [], "summary": {"covered_lines": 0, "num_statements": 4, "percent_covered": 0.0, "percent_covered_display": "0", "missing_lines": 4, "excluded_lines": 0}, "missing_lines": [226, 227, 230, 231], "excluded_lines": []}, "admin_callback_handler": {"executed_lines": [], "summary": {"covered_lines": 0, "num_statements": 22, "percent_covered": 0.0, "percent_covered_display": "0", "missing_lines": 22, "excluded_lines": 0}, "missing_lines": [242, 243, 244, 246, 248, 249, 251, 264, 266, 267, 268, 269, 271, 272, 273, 274, 276, 277, 279, 280, 285, 286], "excluded_lines": []}, "admin_callback_handler._get_users": {"executed_lines": [], "summary": {"covered_lines": 0, "num_statements": 6, "percent_covered": 0.0, "percent_covered_display": "0", "missing_lines": 6, "excluded_lines": 0}, "missing_lines": [252, 253, 254, 255, 261, 262], "excluded_lines": []}, "admin_confirm_delete": {"executed_lines": [], "summary": {"covered_lines": 0, "num_statements": 15, "percent_covered": 0.0, "percent_covered_display": "0", "missing_lines": 15, "excluded_lines": 0}, "missing_lines": [296, 297, 298, 300, 301, 302, 304, 305, 306, 309, 311, 312, 316, 320, 321], "excluded_lines": []}, "admin_cancel_delete": {"executed_lines": [], "summary": {"covered_lines": 0, "num_statements": 3, "percent_covered": 0.0, "percent_covered_display": "0", "missing_lines": 3, "excluded_lines": 0}, "missing_lines": [330, 331, 332], "excluded_lines": []}, "admin_get_user_id": {"executed_lines": [], "summary": {"covered_lines": 0, "num_statements": 18, "percent_covered": 0.0, "percent_covered_display": "0", "missing_lines": 18, "excluded_lines": 0}, "missing_lines": [338, 339, 340, 341, 343, 344, 345, 346, 347, 350, 352, 353, 354, 355, 358, 360, 367, 381], "excluded_lines": []}, "cb_mod": {"executed_lines": [], "summary": {"covered_lines": 0, "num_statements": 44, "percent_covered": 0.0, "percent_covered_display": "0", "missing_lines": 44, "excluded_lines": 0}, "missing_lines": [386, 387, 388, 390, 391, 392, 395, 397, 398, 399, 401, 402, 405, 407, 408, 409, 411, 413, 415, 418, 419, 420, 421, 423, 426, 427, 428, 433, 434, 436, 437, 440, 441, 442, 447, 448, 451, 452, 453, 454, 455, 456, 457, 460], "excluded_lines": []}, "get_moderation_by_id": {"executed_lines": [], "summary": {"covered_lines": 0, "num_statements": 3, "percent_covered": 0.0, "percent_covered_display": "0", "missing_lines": 3, "excluded_lines": 0}, "missing_lines": [465, 467, 480], "excluded_lines": []}, "get_moderation_by_id._get": {"executed_lines": [], "summary": {"covered_lines": 0, "num_statements": 6, "percent_covered": 0.0, "percent_covered_display": "0", "missing_lines": 6, "excluded_lines": 0}, "missing_lines": [468, 469, 470, 471, 477, 478], "excluded_lines": []}, "check_next_moderation": {"executed_lines": [], "summary": {"covered_lines": 0, "num_statements": 11, "percent_covered": 0.0, "percent_covered_display": "0", "missing_lines": 11, "excluded_lines": 0}, "missing_lines": [485, 487, 488, 490, 491, 498, 503, 504, 509, 510, 516], "excluded_lines": []}, "cmd_viewuser": {"executed_lines": [523, 527, 531, 532, 537, 539, 543, 557, 559, 575, 577, 584, 591], "summary": {"covered_lines": 13, "num_statements": 22, "percent_covered": 59.09090909090909, "percent_covered_display": "59", "missing_lines": 9, "excluded_lines": 0}, "missing_lines": [524, 525, 528, 529, 533, 534, 535, 540, 541], "excluded_lines": []}, "cmd_viewuser._get_likes_stats": {"executed_lines": [560, 561, 563, 564, 566, 567, 569, 571, 573], "summary": {"covered_lines": 9, "num_statements": 9, "percent_covered": 100.0, "percent_covered_display": "100", "missing_lines": 0, "excluded_lines": 0}, "missing_lines": [], "excluded_lines": []}, "cmd_deleteuser": {"executed_lines": [597, 601, 605, 606, 612, 614, 619, 621, 622], "summary": {"covered_lines": 9, "num_statements": 19, "percent_covered": 47.36842105263158, "percent_covered_display": "47", "missing_lines": 10, "excluded_lines": 0}, "missing_lines": [598, 599, 602, 603, 607, 608, 609, 615, 616, 626], "excluded_lines": []}, "admin_quick_delete": {"executed_lines": [635, 639, 642, 644, 649, 651, 652, 660], "summary": {"covered_lines": 8, "num_statements": 13, "percent_covered": 61.53846153846154, "percent_covered_display": "62", "missing_lines": 5, "excluded_lines": 0}, "missing_lines": [636, 637, 645, 646, 656], "excluded_lines": []}, "cmd_adminhelp": {"executed_lines": [], "summary": {"covered_lines": 0, "num_statements": 5, "percent_covered": 0.0, "percent_covered_display": "0", "missing_lines": 5, "excluded_lines": 0}, "missing_lines": [667, 668, 669, 671, 688], "excluded_lines": []}, "": {"executed_lines": [1, 2, 3, 4, 5, 6, 7, 9, 10, 12, 15, 16, 17, 20, 34, 44, 45, 79, 126, 127, 192, 193, 214, 215, 223, 224, 237, 241, 290, 294, 324, 328, 335, 336, 384, 385, 463, 483, 520, 521, 594, 595, 632, 633, 664, 665], "summary": {"covered_lines": 46, "num_statements": 46, "percent_covered": 100.0, "percent_covered_display": "100", "missing_lines": 0, "excluded_lines": 0}, "missing_lines": [], "excluded_lines": []}}, "classes": {"AdminDeleteUser": {"executed_lines": [], "summary": {"covered_lines": 0, "num_statements": 0, "percent_covered": 100.0, "percent_covered_display": "100", "missing_lines": 0, "excluded_lines": 0}, "missing_lines": [], "excluded_lines": []}, "": {"executed_lines": [1, 2, 3, 4, 5, 6, 7, 9, 10, 12, 15, 16, 17, 20, 34, 44, 45, 79, 126, 127, 129, 132, 134, 135, 136, 139, 140, 142, 143, 145, 146, 149, 150, 152, 153, 156, 157, 159, 160, 162, 172, 174, 189, 192, 193, 195, 198, 207, 214, 215, 223, 224, 237, 241, 290, 294, 324, 328, 335, 336, 384, 385, 463, 483, 520, 521, 523, 527, 531, 532, 537, 539, 543, 557, 559, 560, 561, 563, 564, 566, 567, 569, 571, 573, 575, 577, 584, 591, 594, 595, 597, 601, 605, 606, 612, 614, 619, 621, 622, 632, 633, 635, 639, 642, 644, 649, 651, 652, 660, 664, 665], "summary": {"covered_lines": 111, "num_statements": 308, "percent_covered": 36.03896103896104, "percent_covered_display": "36", "missing_lines": 197, "excluded_lines": 0}, "missing_lines": [22, 36, 47, 48, 49, 52, 54, 56, 58, 59, 60, 63, 65, 66, 72, 81, 83, 84, 85, 87, 89, 90, 91, 94, 101, 106, 107, 108, 113, 114, 120, 130, 196, 217, 218, 220, 226, 227, 230, 231, 242, 243, 244, 246, 248, 249, 251, 252, 253, 254, 255, 261, 262, 264, 266, 267, 268, 269, 271, 272, 273, 274, 276, 277, 279, 280, 285, 286, 296, 297, 298, 300, 301, 302, 304, 305, 306, 309, 311, 312, 316, 320, 321, 330, 331, 332, 338, 339, 340, 341, 343, 344, 345, 346, 347, 350, 352, 353, 354, 355, 358, 360, 367, 381, 386, 387, 388, 390, 391, 392, 395, 397, 398, 399, 401, 402, 405, 407, 408, 409, 411, 413, 415, 418, 419, 420, 421, 423, 426, 427, 428, 433, 434, 436, 437, 440, 441, 442, 447, 448, 451, 452, 453, 454, 455, 456, 457, 460, 465, 467, 468, 469, 470, 471, 477, 478, 480, 485, 487, 488, 490, 491, 498, 503, 504, 509, 510, 516, 524, 525, 528, 529, 533, 534, 535, 540, 541, 598, 599, 602, 603, 607, 608, 609, 615, 616, 626, 636, 637, 645, 646, 656, 667, 668, 669, 671, 688], "excluded_lines": []}}}, "src\\handlers\\browse.py": {"executed_lines": [1, 2, 9, 11, 14, 15, 26, 49, 50, 69, 106, 107, 109, 110, 112, 113, 118, 126, 127, 142, 143, 144, 145, 149, 151, 155, 159, 160, 163, 169, 172, 178, 179, 180, 182, 185, 191, 192, 193, 194, 198, 200, 201, 202, 204, 206, 207, 210, 213, 214, 217, 219, 221, 228, 233, 235, 243, 244, 298, 299, 307, 308, 317, 318], "summary": {"covered_lines": 64, "num_statements": 110, "percent_covered": 58.18181818181818, "percent_covered_display": "58", "missing_lines": 46, "excluded_lines": 0}, "missing_lines": [27, 70, 76, 77, 79, 81, 82, 83, 90, 95, 96, 120, 128, 130, 131, 134, 136, 146, 147, 152, 153, 156, 157, 195, 196, 211, 215, 222, 236, 245, 246, 248, 249, 250, 252, 253, 257, 258, 269, 280, 286, 292, 301, 309, 314, 319], "excluded_lines": [], "functions": {"get_main_menu": {"executed_lines": [15], "summary": {"covered_lines": 1, "num_statements": 1, "percent_covered": 100.0, "percent_covered_display": "100", "missing_lines": 0, "excluded_lines": 0}, "missing_lines": [], "excluded_lines": []}, "get_browse_kb": {"executed_lines": [], "summary": {"covered_lines": 0, "num_statements": 1, "percent_covered": 0.0, "percent_covered_display": "0", "missing_lines": 1, "excluded_lines": 0}, "missing_lines": [27], "excluded_lines": []}, "get_like_response_kb": {"executed_lines": [50], "summary": {"covered_lines": 1, "num_statements": 1, "percent_covered": 100.0, "percent_covered_display": "100", "missing_lines": 0, "excluded_lines": 0}, "missing_lines": [], "excluded_lines": []}, "send_profile": {"executed_lines": [], "summary": {"covered_lines": 0, "num_statements": 10, "percent_covered": 0.0, "percent_covered_display": "0", "missing_lines": 10, "excluded_lines": 0}, "missing_lines": [70, 76, 77, 79, 81, 82, 83, 90, 95, 96], "excluded_lines": []}, "show_next_profile": {"executed_lines": [107, 109, 110, 112, 113, 118], "summary": {"covered_lines": 6, "num_statements": 7, "percent_covered": 85.71428571428571, "percent_covered_display": "86", "missing_lines": 1, "excluded_lines": 0}, "missing_lines": [120], "excluded_lines": []}, "start_browsing": {"executed_lines": [], "summary": {"covered_lines": 0, "num_statements": 5, "percent_covered": 0.0, "percent_covered_display": "0", "missing_lines": 5, "excluded_lines": 0}, "missing_lines": [128, 130, 131, 134, 136], "excluded_lines": []}, "process_like": {"executed_lines": [144, 145, 149, 151, 155, 159, 160, 163, 169, 172], "summary": {"covered_lines": 10, "num_statements": 16, "percent_covered": 62.5, "percent_covered_display": "62", "missing_lines": 6, "excluded_lines": 0}, "missing_lines": [146, 147, 152, 153, 156, 157], "excluded_lines": []}, "process_skip": {"executed_lines": [180, 182, 185], "summary": {"covered_lines": 3, "num_statements": 3, "percent_covered": 100.0, "percent_covered_display": "100", "missing_lines": 0, "excluded_lines": 0}, "missing_lines": [], "excluded_lines": []}, "show_my_likes": {"executed_lines": [193, 194, 198, 200, 201, 202, 204, 206, 207, 210, 213, 214, 217, 219, 221, 228, 233, 235], "summary": {"covered_lines": 18, "num_statements": 24, "percent_covered": 75.0, "percent_covered_display": "75", "missing_lines": 6, "excluded_lines": 0}, "missing_lines": [195, 196, 211, 215, 222, 236], "excluded_lines": []}, "like_back": {"executed_lines": [], "summary": {"covered_lines": 0, "num_statements": 13, "percent_covered": 0.0, "percent_covered_display": "0", "missing_lines": 13, "excluded_lines": 0}, "missing_lines": [245, 246, 248, 249, 250, 252, 253, 257, 258, 269, 280, 286, 292], "excluded_lines": []}, "reject_like": {"executed_lines": [], "summary": {"covered_lines": 0, "num_statements": 1, "percent_covered": 0.0, "percent_covered_display": "0", "missing_lines": 1, "excluded_lines": 0}, "missing_lines": [301], "excluded_lines": []}, "stop_search_callback": {"executed_lines": [], "summary": {"covered_lines": 0, "num_statements": 2, "percent_covered": 0.0, "percent_covered_display": "0", "missing_lines": 2, "excluded_lines": 0}, "missing_lines": [309, 314], "excluded_lines": []}, "stop_search_message": {"executed_lines": [], "summary": {"covered_lines": 0, "num_statements": 1, "percent_covered": 0.0, "percent_covered_display": "0", "missing_lines": 1, "excluded_lines": 0}, "missing_lines": [319], "excluded_lines": []}, "": {"executed_lines": [1, 2, 9, 11, 14, 26, 49, 69, 106, 126, 127, 142, 143, 178, 179, 191, 192, 243, 244, 298, 299, 307, 308, 317, 318], "summary": {"covered_lines": 25, "num_statements": 25, "percent_covered": 100.0, "percent_covered_display": "100", "missing_lines": 0, "excluded_lines": 0}, "missing_lines": [], "excluded_lines": []}}, "classes": {"": {"executed_lines": [1, 2, 9, 11, 14, 15, 26, 49, 50, 69, 106, 107, 109, 110, 112, 113, 118, 126, 127, 142, 143, 144, 145, 149, 151, 155, 159, 160, 163, 169, 172, 178, 179, 180, 182, 185, 191, 192, 193, 194, 198, 200, 201, 202, 204, 206, 207, 210, 213, 214, 217, 219, 221, 228, 233, 235, 243, 244, 298, 299, 307, 308, 317, 318], "summary": {"covered_lines": 64, "num_statements": 110, "percent_covered": 58.18181818181818, "percent_covered_display": "58", "missing_lines": 46, "excluded_lines": 0}, "missing_lines": [27, 70, 76, 77, 79, 81, 82, 83, 90, 95, 96, 120, 128, 130, 131, 134, 136, 146, 147, 152, 153, 156, 157, 195, 196, 211, 215, 222, 236, 245, 246, 248, 249, 250, 252, 253, 257, 258, 269, 280, 286, 292, 301, 309, 314, 319], "excluded_lines": []}}}, "src\\handlers\\profile.py": {"executed_lines": [1, 2, 3, 4, 5, 6, 8, 12, 13, 25, 26, 34, 35, 37, 39, 41, 43, 50, 57, 58, 59, 60, 61, 62, 65, 66, 67, 69, 70, 74, 86, 87, 95, 96, 97, 98, 100, 101, 102, 105, 106, 107, 108, 109, 110, 111, 112, 114, 116, 123, 125, 126, 133, 136, 137, 138, 139, 140, 142, 144, 162, 169, 170, 171, 174, 175, 176, 178, 184, 187, 188, 193, 195, 204, 205, 211, 212, 219, 220, 221, 222, 223, 226, 233, 240, 242, 251, 258, 264, 265, 285, 286, 287, 290, 291, 293, 300, 301, 311, 318, 319, 331, 332, 333, 334, 336, 337, 340, 341, 342, 345, 346, 347, 348, 349, 352, 353, 354, 356, 358, 360, 361, 362, 365, 367, 369, 370, 376, 379, 381, 382, 384, 386, 394, 395, 398, 399, 400, 401, 403, 404, 413, 414, 423], "summary": {"covered_lines": 144, "num_statements": 178, "percent_covered": 80.89887640449439, "percent_covered_display": "81", "missing_lines": 34, "excluded_lines": 0}, "missing_lines": [77, 78, 79, 88, 127, 128, 146, 154, 180, 181, 191, 213, 252, 253, 266, 268, 269, 277, 282, 288, 302, 303, 304, 320, 321, 323, 324, 326, 328, 373, 374, 410, 420, 421], "excluded_lines": [], "functions": {"get_main_menu": {"executed_lines": [13], "summary": {"covered_lines": 1, "num_statements": 1, "percent_covered": 100.0, "percent_covered_display": "100", "missing_lines": 0, "excluded_lines": 0}, "missing_lines": [], "excluded_lines": []}, "get_start_menu": {"executed_lines": [26], "summary": {"covered_lines": 1, "num_statements": 1, "percent_covered": 100.0, "percent_covered_display": "100", "missing_lines": 0, "excluded_lines": 0}, "missing_lines": [], "excluded_lines": []}, "cmd_start": {"executed_lines": [37, 39, 41, 43, 50], "summary": {"covered_lines": 5, "num_statements": 5, "percent_covered": 100.0, "percent_covered_display": "100", "missing_lines": 0, "excluded_lines": 0}, "missing_lines": [], "excluded_lines": []}, "start_profile": {"executed_lines": [59, 60, 61, 62], "summary": {"covered_lines": 4, "num_statements": 4, "percent_covered": 100.0, "percent_covered_display": "100", "missing_lines": 0, "excluded_lines": 0}, "missing_lines": [], "excluded_lines": []}, "edit_profile": {"executed_lines": [67, 69, 70, 74], "summary": {"covered_lines": 4, "num_statements": 7, "percent_covered": 57.142857142857146, "percent_covered_display": "57", "missing_lines": 3, "excluded_lines": 0}, "missing_lines": [77, 78, 79], "excluded_lines": []}, "stop_search_command": {"executed_lines": [], "summary": {"covered_lines": 0, "num_statements": 1, "percent_covered": 0.0, "percent_covered_display": "0", "missing_lines": 1, "excluded_lines": 0}, "missing_lines": [88], "excluded_lines": []}, "name_step": {"executed_lines": [97, 98, 100, 101, 102], "summary": {"covered_lines": 5, "num_statements": 5, "percent_covered": 100.0, "percent_covered_display": "100", "missing_lines": 0, "excluded_lines": 0}, "missing_lines": [], "excluded_lines": []}, "age_step": {"executed_lines": [107, 108, 109, 110, 111, 112, 114, 116, 123, 125, 126, 133], "summary": {"covered_lines": 12, "num_statements": 14, "percent_covered": 85.71428571428571, "percent_covered_display": "86", "missing_lines": 2, "excluded_lines": 0}, "missing_lines": [127, 128], "excluded_lines": []}, "gender_step": {"executed_lines": [138, 139, 140, 142, 144, 162], "summary": {"covered_lines": 6, "num_statements": 8, "percent_covered": 75.0, "percent_covered_display": "75", "missing_lines": 2, "excluded_lines": 0}, "missing_lines": [146, 154], "excluded_lines": []}, "gender_wrong": {"executed_lines": [171], "summary": {"covered_lines": 1, "num_statements": 1, "percent_covered": 100.0, "percent_covered_display": "100", "missing_lines": 0, "excluded_lines": 0}, "missing_lines": [], "excluded_lines": []}, "skip_photo_button": {"executed_lines": [176, 178, 184, 187, 188, 193, 195, 204, 205], "summary": {"covered_lines": 9, "num_statements": 12, "percent_covered": 75.0, "percent_covered_display": "75", "missing_lines": 3, "excluded_lines": 0}, "missing_lines": [180, 181, 191], "excluded_lines": []}, "ready_for_photo": {"executed_lines": [], "summary": {"covered_lines": 0, "num_statements": 1, "percent_covered": 0.0, "percent_covered_display": "0", "missing_lines": 1, "excluded_lines": 0}, "missing_lines": [213], "excluded_lines": []}, "photo_step": {"executed_lines": [221, 222, 223, 226, 233, 240, 242, 251, 258], "summary": {"covered_lines": 9, "num_statements": 11, "percent_covered": 81.81818181818181, "percent_covered_display": "82", "missing_lines": 2, "excluded_lines": 0}, "missing_lines": [252, 253], "excluded_lines": []}, "photo_invalid": {"executed_lines": [], "summary": {"covered_lines": 0, "num_statements": 5, "percent_covered": 0.0, "percent_covered_display": "0", "missing_lines": 5, "excluded_lines": 0}, "missing_lines": [266, 268, 269, 277, 282], "excluded_lines": []}, "goal_step": {"executed_lines": [287, 290, 291, 293, 300, 301, 311], "summary": {"covered_lines": 7, "num_statements": 11, "percent_covered": 63.63636363636363, "percent_covered_display": "64", "missing_lines": 4, "excluded_lines": 0}, "missing_lines": [288, 302, 303, 304], "excluded_lines": []}, "description_skip": {"executed_lines": [], "summary": {"covered_lines": 0, "num_statements": 6, "percent_covered": 0.0, "percent_covered_display": "0", "missing_lines": 6, "excluded_lines": 0}, "missing_lines": [320, 321, 323, 324, 326, 328], "excluded_lines": []}, "description_step": {"executed_lines": [333, 334, 336, 337], "summary": {"covered_lines": 4, "num_statements": 4, "percent_covered": 100.0, "percent_covered_display": "100", "missing_lines": 0, "excluded_lines": 0}, "missing_lines": [], "excluded_lines": []}, "finish_profile": {"executed_lines": [341, 342, 345, 346, 347, 348, 349, 352, 353, 354, 356, 358, 360, 361, 362, 365, 367, 369, 370, 376, 379, 381, 382, 384, 386, 394, 395, 398, 399, 400, 401, 403, 404, 413, 414, 423], "summary": {"covered_lines": 36, "num_statements": 41, "percent_covered": 87.8048780487805, "percent_covered_display": "88", "missing_lines": 5, "excluded_lines": 0}, "missing_lines": [373, 374, 410, 420, 421], "excluded_lines": []}, "": {"executed_lines": [1, 2, 3, 4, 5, 6, 8, 12, 25, 34, 35, 57, 58, 65, 66, 86, 87, 95, 96, 105, 106, 136, 137, 169, 170, 174, 175, 211, 212, 219, 220, 264, 265, 285, 286, 318, 319, 331, 332, 340], "summary": {"covered_lines": 40, "num_statements": 40, "percent_covered": 100.0, "percent_covered_display": "100", "missing_lines": 0, "excluded_lines": 0}, "missing_lines": [], "excluded_lines": []}}, "classes": {"": {"executed_lines": [1, 2, 3, 4, 5, 6, 8, 12, 13, 25, 26, 34, 35, 37, 39, 41, 43, 50, 57, 58, 59, 60, 61, 62, 65, 66, 67, 69, 70, 74, 86, 87, 95, 96, 97, 98, 100, 101, 102, 105, 106, 107, 108, 109, 110, 111, 112, 114, 116, 123, 125, 126, 133, 136, 137, 138, 139, 140, 142, 144, 162, 169, 170, 171, 174, 175, 176, 178, 184, 187, 188, 193, 195, 204, 205, 211, 212, 219, 220, 221, 222, 223, 226, 233, 240, 242, 251, 258, 264, 265, 285, 286, 287, 290, 291, 293, 300, 301, 311, 318, 319, 331, 332, 333, 334, 336, 337, 340, 341, 342, 345, 346, 347, 348, 349, 352, 353, 354, 356, 358, 360, 361, 362, 365, 367, 369, 370, 376, 379, 381, 382, 384, 386, 394, 395, 398, 399, 400, 401, 403, 404, 413, 414, 423], "summary": {"covered_lines": 144, "num_statements": 178, "percent_covered": 80.89887640449439, "percent_covered_display": "81", "missing_lines": 34, "excluded_lines": 0}, "missing_lines": [77, 78, 79, 88, 127, 128, 146, 154, 180, 181, 191, 213, 252, 253, 266, 268, 269, 277, 282, 288, 302, 303, 304, 320, 321, 323, 324, 326, 328, 373, 374, 410, 420, 421], "excluded_lines": []}}}, "src\\states.py": {"executed_lines": [1, 3, 4, 5, 6, 7, 8, 9, 10], "summary": {"covered_lines": 9, "num_statements": 9, "percent_covered": 100.0, "percent_covered_display": "100", "missing_lines": 0, "excluded_lines": 0}, "missing_lines": [], "excluded_lines": [], "functions": {"": {"executed_lines": [1, 3, 4, 5, 6, 7, 8, 9, 10], "summary": {"covered_lines": 9, "num_statements": 9, "percent_covered": 100.0, "percent_covered_display": "100", "missing_lines": 0, "excluded_lines": 0}, "missing_lines": [], "excluded_lines": []}}, "classes": {"ProfileStates": {"executed_lines": [], "summary": {"covered_lines": 0, "num_statements": 0, "percent_covered": 100.0, "percent_covered_display": "100", "missing_lines": 0, "excluded_lines": 0}, "missing_lines": [], "excluded_lines": []}, "": {"executed_lines": [1, 3, 4, 5, 6, 7, 8, 9, 10], "summary": {"covered_lines": 9, "num_statements": 9, "percent_covered": 100.0, "percent_covered_display": "100", "missing_lines": 0, "excluded_lines": 0}, "missing_lines": [], "excluded_lines": []}}}, "src\\storage.py": {"executed_lines": [2, 3, 4, 7, 8, 9, 10, 11, 12, 13, 14, 15, 16, 17, 19, 20, 21, 34, 35, 36, 37, 38, 40, 41, 42, 49, 50, 51, 52, 53, 54, 55, 57, 58, 59, 68, 69, 70, 72, 74, 76, 78, 80, 87, 89, 90, 91, 94, 96, 97, 99, 103, 105, 106, 107, 110, 111, 112, 114, 115, 116, 117, 118, 120, 121, 122, 123, 124, 126, 128, 139, 140, 141, 143, 144, 146, 148, 150, 152, 153, 154, 157, 159, 161, 163, 164, 165, 168, 170, 172, 173, 174, 175, 176, 178, 185, 191], "summary": {"covered_lines": 97, "num_statements": 111, "percent_covered": 87.38738738738739, "percent_covered_display": "87", "missing_lines": 14, "excluded_lines": 0}, "missing_lines": [82, 83, 84, 85, 92, 98, 108, 155, 166, 180, 181, 182, 183, 187], "excluded_lines": [], "functions": {"User.from_dict": {"executed_lines": [21], "summary": {"covered_lines": 1, "num_statements": 1, "percent_covered": 100.0, "percent_covered_display": "100", "missing_lines": 0, "excluded_lines": 0}, "missing_lines": [], "excluded_lines": []}, "Like.from_dict": {"executed_lines": [42], "summary": {"covered_lines": 1, "num_statements": 1, "percent_covered": 100.0, "percent_covered_display": "100", "missing_lines": 0, "excluded_lines": 0}, "missing_lines": [], "excluded_lines": []}, "ModerationItem.from_dict": {"executed_lines": [59], "summary": {"covered_lines": 1, "num_statements": 1, "percent_covered": 100.0, "percent_covered_display": "100", "missing_lines": 0, "excluded_lines": 0}, "missing_lines": [], "excluded_lines": []}, "Storage.__init__": {"executed_lines": [70], "summary": {"covered_lines": 1, "num_statements": 1, "percent_covered": 100.0, "percent_covered_display": "100", "missing_lines": 0, "excluded_lines": 0}, "missing_lines": [], "excluded_lines": []}, "Storage.delete_user": {"executed_lines": [74], "summary": {"covered_lines": 1, "num_statements": 1, "percent_covered": 100.0, "percent_covered_display": "100", "missing_lines": 0, "excluded_lines": 0}, "missing_lines": [], "excluded_lines": []}, "Storage.delete_user_by_tg": {"executed_lines": [78], "summary": {"covered_lines": 1, "num_statements": 1, "percent_covered": 100.0, "percent_covered_display": "100", "missing_lines": 0, "excluded_lines": 0}, "missing_lines": [], "excluded_lines": []}, "Storage.get_moderation_by_id": {"executed_lines": [105, 106, 107], "summary": {"covered_lines": 3, "num_statements": 4, "percent_covered": 75.0, "percent_covered_display": "75", "missing_lines": 1, "excluded_lines": 0}, "missing_lines": [108], "excluded_lines": []}, "Storage.get_pending_moderation_by_user": {"executed_lines": [89, 90, 91], "summary": {"covered_lines": 3, "num_statements": 4, "percent_covered": 75.0, "percent_covered_display": "75", "missing_lines": 1, "excluded_lines": 0}, "missing_lines": [92], "excluded_lines": []}, "Storage.get_any_candidate": {"executed_lines": [96, 97, 99], "summary": {"covered_lines": 3, "num_statements": 4, "percent_covered": 75.0, "percent_covered_display": "75", "missing_lines": 1, "excluded_lines": 0}, "missing_lines": [98], "excluded_lines": []}, "Storage.create_or_get_user": {"executed_lines": [111, 112], "summary": {"covered_lines": 2, "num_statements": 2, "percent_covered": 100.0, "percent_covered_display": "100", "missing_lines": 0, "excluded_lines": 0}, "missing_lines": [], "excluded_lines": []}, "Storage.get_user_by_id": {"executed_lines": [115, 116, 117, 118], "summary": {"covered_lines": 4, "num_statements": 4, "percent_covered": 100.0, "percent_covered_display": "100", "missing_lines": 0, "excluded_lines": 0}, "missing_lines": [], "excluded_lines": []}, "Storage.get_user_by_tg": {"executed_lines": [121, 122, 123, 124], "summary": {"covered_lines": 4, "num_statements": 4, "percent_covered": 100.0, "percent_covered_display": "100", "missing_lines": 0, "excluded_lines": 0}, "missing_lines": [], "excluded_lines": []}, "Storage.save_user": {"executed_lines": [128], "summary": {"covered_lines": 1, "num_statements": 1, "percent_covered": 100.0, "percent_covered_display": "100", "missing_lines": 0, "excluded_lines": 0}, "missing_lines": [], "excluded_lines": []}, "Storage.add_like": {"executed_lines": [140, 141], "summary": {"covered_lines": 2, "num_statements": 2, "percent_covered": 100.0, "percent_covered_display": "100", "missing_lines": 0, "excluded_lines": 0}, "missing_lines": [], "excluded_lines": []}, "Storage.has_liked": {"executed_lines": [144], "summary": {"covered_lines": 1, "num_statements": 1, "percent_covered": 100.0, "percent_covered_display": "100", "missing_lines": 0, "excluded_lines": 0}, "missing_lines": [], "excluded_lines": []}, "Storage.get_likes_to_user": {"executed_lines": [148], "summary": {"covered_lines": 1, "num_statements": 1, "percent_covered": 100.0, "percent_covered_display": "100", "missing_lines": 0, "excluded_lines": 0}, "missing_lines": [], "excluded_lines": []}, "Storage.get_pending_moderation": {"executed_lines": [152, 153, 154], "summary": {"covered_lines": 3, "num_statements": 4, "percent_covered": 75.0, "percent_covered_display": "75", "missing_lines": 1, "excluded_lines": 0}, "missing_lines": [155], "excluded_lines": []}, "Storage.add_moderation": {"executed_lines": [159], "summary": {"covered_lines": 1, "num_statements": 1, "percent_covered": 100.0, "percent_covered_display": "100", "missing_lines": 0, "excluded_lines": 0}, "missing_lines": [], "excluded_lines": []}, "Storage.set_moderation_status": {"executed_lines": [163, 164, 165], "summary": {"covered_lines": 3, "num_statements": 4, "percent_covered": 75.0, "percent_covered_display": "75", "missing_lines": 1, "excluded_lines": 0}, "missing_lines": [166], "excluded_lines": []}, "Storage.get_user_moderation_status": {"executed_lines": [170], "summary": {"covered_lines": 1, "num_statements": 1, "percent_covered": 100.0, "percent_covered_display": "100", "missing_lines": 0, "excluded_lines": 0}, "missing_lines": [], "excluded_lines": []}, "Storage.get_next_candidate": {"executed_lines": [173, 174, 175, 176], "summary": {"covered_lines": 4, "num_statements": 4, "percent_covered": 100.0, "percent_covered_display": "100", "missing_lines": 0, "excluded_lines": 0}, "missing_lines": [], "excluded_lines": []}, "Storage.get_moderation_by_user_and_photo": {"executed_lines": [], "summary": {"covered_lines": 0, "num_statements": 4, "percent_covered": 0.0, "percent_covered_display": "0", "missing_lines": 4, "excluded_lines": 0}, "missing_lines": [180, 181, 182, 183], "excluded_lines": []}, "Storage.update_user_photo": {"executed_lines": [], "summary": {"covered_lines": 0, "num_statements": 1, "percent_covered": 0.0, "percent_covered_display": "0", "missing_lines": 1, "excluded_lines": 0}, "missing_lines": [187], "excluded_lines": []}, "": {"executed_lines": [2, 3, 4, 7, 8, 9, 10, 11, 12, 13, 14, 15, 16, 17, 19, 20, 34, 35, 36, 37, 38, 40, 41, 49, 50, 51, 52, 53, 54, 55, 57, 58, 68, 69, 72, 76, 80, 87, 94, 103, 110, 114, 120, 126, 139, 143, 146, 150, 157, 161, 168, 172, 178, 185, 191], "summary": {"covered_lines": 55, "num_statements": 55, "percent_covered": 100.0, "percent_covered_display": "100", "missing_lines": 0, "excluded_lines": 0}, "missing_lines": [], "excluded_lines": []}}, "classes": {"User": {"executed_lines": [21], "summary": {"covered_lines": 1, "num_statements": 1, "percent_covered": 100.0, "percent_covered_display": "100", "missing_lines": 0, "excluded_lines": 0}, "missing_lines": [], "excluded_lines": []}, "Like": {"executed_lines": [42], "summary": {"covered_lines": 1, "num_statements": 1, "percent_covered": 100.0, "percent_covered_display": "100", "missing_lines": 0, "excluded_lines": 0}, "missing_lines": [], "excluded_lines": []}, "ModerationItem": {"executed_lines": [59], "summary": {"covered_lines": 1, "num_statements": 1, "percent_covered": 100.0, "percent_covered_display": "100", "missing_lines": 0, "excluded_lines": 0}, "missing_lines": [], "excluded_lines": []}, "Storage": {"executed_lines": [70, 74, 78, 89, 90, 91, 96, 97, 99, 105, 106, 107, 111, 112, 115, 116, 117, 118, 121, 122, 123, 124, 128, 140, 141, 144, 148, 152, 153, 154, 159, 163, 164, 165, 170, 173, 174, 175, 176], "summary": {"covered_lines": 39, "num_statements": 53, "percent_covered": 73.58490566037736, "percent_covered_display": "74", "missing_lines": 14, "excluded_lines": 0}, "missing_lines": [82, 83, 84, 85, 92, 98, 108, 155, 166, 180, 181, 182, 183, 187], "excluded_lines": []}, "": {"executed_lines": [2, 3, 4, 7, 8, 9, 10, 11, 12, 13, 14, 15, 16, 17, 19, 20, 34, 35, 36, 37, 38, 40, 41, 49, 50, 51, 52, 53, 54, 55, 57, 58, 68, 69, 72, 76, 80, 87, 94, 103, 110, 114, 120, 126, 139, 143, 146, 150, 157, 161, 168, 172, 178, 185, 191], "summary": {"covered_lines": 55, "num_statements": 55, "percent_covered": 100.0, "percent_covered_display": "100", "missing_lines": 0, "excluded_lines": 0}, "missing_lines": [], "excluded_lines": []}}}, "tests\\__init__.py": {"executed_lines": [0], "summary": {"covered_lines": 0, "num_statements": 0, "percent_covered": 100.0, "percent_covered_display": "100", "missing_lines": 0, "excluded_lines": 0}, "missing_lines": [], "excluded_lines": [], "functions": {"": {"executed_lines": [], "summary": {"covered_lines": 0, "num_statements": 0, "percent_covered": 100.0, "percent_covered_display": "100", "missing_lines": 0, "excluded_lines": 0}, "missing_lines": [], "excluded_lines": []}}, "classes": {"": {"executed_lines": [], "summary": {"covered_lines": 0, "num_statements": 0, "percent_covered": 100.0, "percent_covered_display": "100", "missing_lines": 0, "excluded_lines": 0}, "missing_lines": [], "excluded_lines": []}}}, "tests\\conftest.py": {"executed_lines": [1, 2, 3, 5, 7, 8, 11, 13, 14, 17, 18, 19, 20, 34, 46, 57, 60, 61, 62, 63, 64, 67, 68, 69, 70, 71, 72, 75, 76, 77, 78, 81, 82, 83, 84, 85, 86, 88, 90, 91, 92, 93], "summary": {"covered_lines": 42, "num_statements": 43, "percent_covered": 97.67441860465117, "percent_covered_display": "98", "missing_lines": 1, "excluded_lines": 0}, "missing_lines": [9], "excluded_lines": [], "functions": {"ensure_tables": {"executed_lines": [18, 19, 20, 34, 46, 57], "summary": {"covered_lines": 6, "num_statements": 6, "percent_covered": 100.0, "percent_covered_display": "100", "missing_lines": 0, "excluded_lines": 0}, "missing_lines": [], "excluded_lines": []}, "event_loop": {"executed_lines": [62, 63, 64], "summary": {"covered_lines": 3, "num_statements": 3, "percent_covered": 100.0, "percent_covered_display": "100", "missing_lines": 0, "excluded_lines": 0}, "missing_lines": [], "excluded_lines": []}, "temp_db": {"executed_lines": [69, 70, 71, 72], "summary": {"covered_lines": 4, "num_statements": 4, "percent_covered": 100.0, "percent_covered_display": "100", "missing_lines": 0, "excluded_lines": 0}, "missing_lines": [], "excluded_lines": []}, "storage_with_db": {"executed_lines": [77, 78], "summary": {"covered_lines": 2, "num_statements": 2, "percent_covered": 100.0, "percent_covered_display": "100", "missing_lines": 0, "excluded_lines": 0}, "missing_lines": [], "excluded_lines": []}, "handlers_storage": {"executed_lines": [83, 84, 85, 86, 88, 90, 91, 92, 93], "summary": {"covered_lines": 9, "num_statements": 9, "percent_covered": 100.0, "percent_covered_display": "100", "missing_lines": 0, "excluded_lines": 0}, "missing_lines": [], "excluded_lines": []}, "": {"executed_lines": [1, 2, 3, 5, 7, 8, 11, 13, 14, 17, 60, 61, 67, 68, 75, 76, 81, 82], "summary": {"covered_lines": 18, "num_statements": 19, "percent_covered": 94.73684210526316, "percent_covered_display": "95", "missing_lines": 1, "excluded_lines": 0}, "missing_lines": [9], "excluded_lines": []}}, "classes": {"": {"executed_lines": [1, 2, 3, 5, 7, 8, 11, 13, 14, 17, 18, 19, 20, 34, 46, 57, 60, 61, 62, 63, 64, 67, 68, 69, 70, 71, 72, 75, 76, 77, 78, 81, 82, 83, 84, 85, 86, 88, 90, 91, 92, 93], "summary": {"covered_lines": 42, "num_statements": 43, "percent_covered": 97.67441860465117, "percent_covered_display": "98", "missing_lines": 1, "excluded_lines": 0}, "missing_lines": [9], "excluded_lines": []}}}, "tests\\test_admin.py": {"executed_lines": [1, 3, 5, 6, 9, 10, 11, 12, 13, 14, 16, 17, 19, 22, 26, 27, 28, 29, 30, 31, 33, 34, 37, 38, 39, 40, 42, 43, 45, 46, 48, 49, 51, 54, 57, 58, 60, 61, 64, 65, 66, 67, 75, 78, 91, 92, 104, 105, 107, 116, 119, 122, 126, 127, 128, 129, 130, 131, 133, 134, 136, 137, 139, 140, 141, 142, 143, 144, 145, 146, 147, 149, 150, 151, 154, 155, 156, 157, 158, 159, 161, 162, 163], "summary": {"covered_lines": 83, "num_statements": 93, "percent_covered": 89.24731182795699, "percent_covered_display": "89", "missing_lines": 10, "excluded_lines": 0}, "missing_lines": [20, 23, 52, 55, 76, 79, 108, 117, 120, 123], "excluded_lines": [], "functions": {"DummyMessage.__init__": {"executed_lines": [11, 12, 13, 14], "summary": {"covered_lines": 4, "num_statements": 4, "percent_covered": 100.0, "percent_covered_display": "100", "missing_lines": 0, "excluded_lines": 0}, "missing_lines": [], "excluded_lines": []}, "DummyMessage.answer": {"executed_lines": [17], "summary": {"covered_lines": 1, "num_statements": 1, "percent_covered": 100.0, "percent_covered_display": "100", "missing_lines": 0, "excluded_lines": 0}, "missing_lines": [], "excluded_lines": []}, "DummyMessage.answer_photo": {"executed_lines": [], "summary": {"covered_lines": 0, "num_statements": 1, "percent_covered": 0.0, "percent_covered_display": "0", "missing_lines": 1, "excluded_lines": 0}, "missing_lines": [20], "excluded_lines": []}, "DummyMessage.edit_reply_markup": {"executed_lines": [], "summary": {"covered_lines": 0, "num_statements": 1, "percent_covered": 0.0, "percent_covered_display": "0", "missing_lines": 1, "excluded_lines": 0}, "missing_lines": [23], "excluded_lines": []}, "DummyCallback.__init__": {"executed_lines": [28, 29, 30, 31], "summary": {"covered_lines": 4, "num_statements": 4, "percent_covered": 100.0, "percent_covered_display": "100", "missing_lines": 0, "excluded_lines": 0}, "missing_lines": [], "excluded_lines": []}, "DummyCallback.answer": {"executed_lines": [34], "summary": {"covered_lines": 1, "num_statements": 1, "percent_covered": 100.0, "percent_covered_display": "100", "missing_lines": 0, "excluded_lines": 0}, "missing_lines": [], "excluded_lines": []}, "DummyConnection.__init__": {"executed_lines": [39, 40], "summary": {"covered_lines": 2, "num_statements": 2, "percent_covered": 100.0, "percent_covered_display": "100", "missing_lines": 0, "excluded_lines": 0}, "missing_lines": [], "excluded_lines": []}, "DummyConnection.cursor": {"executed_lines": [43], "summary": {"covered_lines": 1, "num_statements": 1, "percent_covered": 100.0, "percent_covered_display": "100", "missing_lines": 0, "excluded_lines": 0}, "missing_lines": [], "excluded_lines": []}, "DummyConnection.execute": {"executed_lines": [46], "summary": {"covered_lines": 1, "num_statements": 1, "percent_covered": 100.0, "percent_covered_display": "100", "missing_lines": 0, "excluded_lines": 0}, "missing_lines": [], "excluded_lines": []}, "DummyConnection.fetchone": {"executed_lines": [49], "summary": {"covered_lines": 1, "num_statements": 1, "percent_covered": 100.0, "percent_covered_display": "100", "missing_lines": 0, "excluded_lines": 0}, "missing_lines": [], "excluded_lines": []}, "DummyConnection.fetchall": {"executed_lines": [], "summary": {"covered_lines": 0, "num_statements": 1, "percent_covered": 0.0, "percent_covered_display": "0", "missing_lines": 1, "excluded_lines": 0}, "missing_lines": [52], "excluded_lines": []}, "DummyConnection.commit": {"executed_lines": [], "summary": {"covered_lines": 0, "num_statements": 1, "percent_covered": 0.0, "percent_covered_display": "0", "missing_lines": 1, "excluded_lines": 0}, "missing_lines": [55], "excluded_lines": []}, "DummyConnection.__enter__": {"executed_lines": [58], "summary": {"covered_lines": 1, "num_statements": 1, "percent_covered": 100.0, "percent_covered_display": "100", "missing_lines": 0, "excluded_lines": 0}, "missing_lines": [], "excluded_lines": []}, "DummyConnection.__exit__": {"executed_lines": [61], "summary": {"covered_lines": 1, "num_statements": 1, "percent_covered": 100.0, "percent_covered_display": "100", "missing_lines": 0, "excluded_lines": 0}, "missing_lines": [], "excluded_lines": []}, "FakeStorage.__init__": {"executed_lines": [66, 67], "summary": {"covered_lines": 2, "num_statements": 2, "percent_covered": 100.0, "percent_covered_display": "100", "missing_lines": 0, "excluded_lines": 0}, "missing_lines": [], "excluded_lines": []}, "FakeStorage.get_pending_moderation": {"executed_lines": [], "summary": {"covered_lines": 0, "num_statements": 1, "percent_covered": 0.0, "percent_covered_display": "0", "missing_lines": 1, "excluded_lines": 0}, "missing_lines": [76], "excluded_lines": []}, "FakeStorage.get_user_by_id": {"executed_lines": [], "summary": {"covered_lines": 0, "num_statements": 1, "percent_covered": 0.0, "percent_covered_display": "0", "missing_lines": 1, "excluded_lines": 0}, "missing_lines": [79], "excluded_lines": []}, "FakeStorage.get_user_by_tg": {"executed_lines": [92], "summary": {"covered_lines": 1, "num_statements": 1, "percent_covered": 100.0, "percent_covered_display": "100", "missing_lines": 0, "excluded_lines": 0}, "missing_lines": [], "excluded_lines": []}, "FakeStorage.delete_user_by_tg": {"executed_lines": [105], "summary": {"covered_lines": 1, "num_statements": 1, "percent_covered": 100.0, "percent_covered_display": "100", "missing_lines": 0, "excluded_lines": 0}, "missing_lines": [], "excluded_lines": []}, "FakeStorage.set_moderation_status": {"executed_lines": [], "summary": {"covered_lines": 0, "num_statements": 1, "percent_covered": 0.0, "percent_covered_display": "0", "missing_lines": 1, "excluded_lines": 0}, "missing_lines": [108], "excluded_lines": []}, "FakeStorage.update_user_photo": {"executed_lines": [], "summary": {"covered_lines": 0, "num_statements": 1, "percent_covered": 0.0, "percent_covered_display": "0", "missing_lines": 1, "excluded_lines": 0}, "missing_lines": [117], "excluded_lines": []}, "FakeStorage.save_user": {"executed_lines": [], "summary": {"covered_lines": 0, "num_statements": 1, "percent_covered": 0.0, "percent_covered_display": "0", "missing_lines": 1, "excluded_lines": 0}, "missing_lines": [120], "excluded_lines": []}, "FakeStorage.delete_user": {"executed_lines": [], "summary": {"covered_lines": 0, "num_statements": 1, "percent_covered": 0.0, "percent_covered_display": "0", "missing_lines": 1, "excluded_lines": 0}, "missing_lines": [123], "excluded_lines": []}, "test_admin_stats_and_users": {"executed_lines": [128, 129, 130, 131, 133, 134, 136, 137], "summary": {"covered_lines": 8, "num_statements": 8, "percent_covered": 100.0, "percent_covered_display": "100", "missing_lines": 0, "excluded_lines": 0}, "missing_lines": [], "excluded_lines": []}, "test_admin_view_and_delete_user": {"executed_lines": [141, 142, 143, 144, 145, 146, 147, 149, 150, 151], "summary": {"covered_lines": 10, "num_statements": 10, "percent_covered": 100.0, "percent_covered_display": "100", "missing_lines": 0, "excluded_lines": 0}, "missing_lines": [], "excluded_lines": []}, "test_admin_quick_delete": {"executed_lines": [156, 157, 158, 159, 161, 162, 163], "summary": {"covered_lines": 7, "num_statements": 7, "percent_covered": 100.0, "percent_covered_display": "100", "missing_lines": 0, "excluded_lines": 0}, "missing_lines": [], "excluded_lines": []}, "": {"executed_lines": [1, 3, 5, 6, 9, 10, 16, 19, 22, 26, 27, 33, 37, 38, 42, 45, 48, 51, 54, 57, 60, 64, 65, 75, 78, 91, 104, 107, 116, 119, 122, 126, 127, 139, 140, 154, 155], "summary": {"covered_lines": 37, "num_statements": 37, "percent_covered": 100.0, "percent_covered_display": "100", "missing_lines": 0, "excluded_lines": 0}, "missing_lines": [], "excluded_lines": []}}, "classes": {"DummyMessage": {"executed_lines": [11, 12, 13, 14, 17], "summary": {"covered_lines": 5, "num_statements": 7, "percent_covered": 71.42857142857143, "percent_covered_display": "71", "missing_lines": 2, "excluded_lines": 0}, "missing_lines": [20, 23], "excluded_lines": []}, "DummyCallback": {"executed_lines": [28, 29, 30, 31, 34], "summary": {"covered_lines": 5, "num_statements": 5, "percent_covered": 100.0, "percent_covered_display": "100", "missing_lines": 0, "excluded_lines": 0}, "missing_lines": [], "excluded_lines": []}, "DummyConnection": {"executed_lines": [39, 40, 43, 46, 49, 58, 61], "summary": {"covered_lines": 7, "num_statements": 9, "percent_covered": 77.77777777777777, "percent_covered_display": "78", "missing_lines": 2, "excluded_lines": 0}, "missing_lines": [52, 55], "excluded_lines": []}, "FakeStorage": {"executed_lines": [66, 67, 92, 105], "summary": {"covered_lines": 4, "num_statements": 10, "percent_covered": 40.0, "percent_covered_display": "40", "missing_lines": 6, "excluded_lines": 0}, "missing_lines": [76, 79, 108, 117, 120, 123], "excluded_lines": []}, "": {"executed_lines": [1, 3, 5, 6, 9, 10, 16, 19, 22, 26, 27, 33, 37, 38, 42, 45, 48, 51, 54, 57, 60, 64, 65, 75, 78, 91, 104, 107, 116, 119, 122, 126, 127, 128, 129, 130, 131, 133, 134, 136, 137, 139, 140, 141, 142, 143, 144, 145, 146, 147, 149, 150, 151, 154, 155, 156, 157, 158, 159, 161, 162, 163], "summary": {"covered_lines": 62, "num_statements": 62, "percent_covered": 100.0, "percent_covered_display": "100", "missing_lines": 0, "excluded_lines": 0}, "missing_lines": [], "excluded_lines": []}}}, "tests\\test_database_sqlite.py": {"executed_lines": [1, 2, 5, 6, 7, 8, 9, 11, 12, 17, 18, 19, 20, 22, 30, 31, 32, 37, 38, 39, 40, 41, 43, 44, 46, 47, 48, 51, 54, 55, 56, 57, 58, 60, 61, 63, 64, 65, 70, 71, 72, 73, 75, 76, 78, 79, 80, 83, 84, 85, 86, 87, 88, 90, 91, 93, 94, 97, 98, 99, 100, 101, 102, 104, 105, 108, 109, 110, 111, 112, 114, 115, 116, 118, 119, 121, 122, 124, 125, 128, 129, 130, 131, 132, 133, 135, 136, 137, 139, 140, 145, 146, 147, 148, 149, 150, 153, 154, 155, 156, 157, 159, 160, 162, 167, 168, 169, 170, 172, 173, 175, 176, 178, 179, 181, 182], "summary": {"covered_lines": 116, "num_statements": 128, "percent_covered": 90.625, "percent_covered_display": "91", "missing_lines": 12, "excluded_lines": 0}, "missing_lines": [13, 14, 33, 34, 49, 50, 66, 67, 141, 142, 163, 164], "excluded_lines": [], "functions": {"test_create_and_get_user": {"executed_lines": [7, 8, 9, 11, 12], "summary": {"covered_lines": 5, "num_statements": 7, "percent_covered": 71.42857142857143, "percent_covered_display": "71", "missing_lines": 2, "excluded_lines": 0}, "missing_lines": [13, 14], "excluded_lines": []}, "test_update_user": {"executed_lines": [19, 20, 22, 30, 31, 32], "summary": {"covered_lines": 6, "num_statements": 8, "percent_covered": 75.0, "percent_covered_display": "75", "missing_lines": 2, "excluded_lines": 0}, "missing_lines": [33, 34], "excluded_lines": []}, "test_likes_and_mutual": {"executed_lines": [39, 40, 41, 43, 44, 46, 47, 48, 51], "summary": {"covered_lines": 9, "num_statements": 11, "percent_covered": 81.81818181818181, "percent_covered_display": "82", "missing_lines": 2, "excluded_lines": 0}, "missing_lines": [49, 50], "excluded_lines": []}, "test_get_next_candidate": {"executed_lines": [56, 57, 58, 60, 61, 63, 64, 65], "summary": {"covered_lines": 8, "num_statements": 10, "percent_covered": 80.0, "percent_covered_display": "80", "missing_lines": 2, "excluded_lines": 0}, "missing_lines": [66, 67], "excluded_lines": []}, "test_moderation_flow": {"executed_lines": [72, 73, 75, 76, 78, 79, 80], "summary": {"covered_lines": 7, "num_statements": 7, "percent_covered": 100.0, "percent_covered_display": "100", "missing_lines": 0, "excluded_lines": 0}, "missing_lines": [], "excluded_lines": []}, "test_delete_user_and_by_tg": {"executed_lines": [85, 86, 87, 88, 90, 91, 93, 94], "summary": {"covered_lines": 8, "num_statements": 8, "percent_covered": 100.0, "percent_covered_display": "100", "missing_lines": 0, "excluded_lines": 0}, "missing_lines": [], "excluded_lines": []}, "test_get_all_active_users": {"executed_lines": [99, 100, 101, 102, 104, 105], "summary": {"covered_lines": 6, "num_statements": 6, "percent_covered": 100.0, "percent_covered_display": "100", "missing_lines": 0, "excluded_lines": 0}, "missing_lines": [], "excluded_lines": []}, "test_candidate_filters_and_fallback": {"executed_lines": [110, 111, 112, 114, 115, 116, 118, 119, 121, 122, 124, 125], "summary": {"covered_lines": 12, "num_statements": 12, "percent_covered": 100.0, "percent_covered_display": "100", "missing_lines": 0, "excluded_lines": 0}, "missing_lines": [], "excluded_lines": []}, "test_update_user_photo_and_moderation_lookup": {"executed_lines": [130, 131, 132, 133, 135, 136, 137, 139, 140], "summary": {"covered_lines": 9, "num_statements": 11, "percent_covered": 81.81818181818181, "percent_covered_display": "82", "missing_lines": 2, "excluded_lines": 0}, "missing_lines": [141, 142], "excluded_lines": []}, "test_delete_user_by_tg_success": {"executed_lines": [147, 148, 149, 150], "summary": {"covered_lines": 4, "num_statements": 4, "percent_covered": 100.0, "percent_covered_display": "100", "missing_lines": 0, "excluded_lines": 0}, "missing_lines": [], "excluded_lines": []}, "test_add_like_existing_and_has_liked": {"executed_lines": [155, 156, 157, 159, 160, 162], "summary": {"covered_lines": 6, "num_statements": 8, "percent_covered": 75.0, "percent_covered_display": "75", "missing_lines": 2, "excluded_lines": 0}, "missing_lines": [163, 164], "excluded_lines": []}, "test_moderation_helpers": {"executed_lines": [169, 170, 172, 173, 175, 176, 178, 179, 181, 182], "summary": {"covered_lines": 10, "num_statements": 10, "percent_covered": 100.0, "percent_covered_display": "100", "missing_lines": 0, "excluded_lines": 0}, "missing_lines": [], "excluded_lines": []}, "": {"executed_lines": [1, 2, 5, 6, 17, 18, 37, 38, 54, 55, 70, 71, 83, 84, 97, 98, 108, 109, 128, 129, 145, 146, 153, 154, 167, 168], "summary": {"covered_lines": 26, "num_statements": 26, "percent_covered": 100.0, "percent_covered_display": "100", "missing_lines": 0, "excluded_lines": 0}, "missing_lines": [], "excluded_lines": []}}, "classes": {"": {"executed_lines": [1, 2, 5, 6, 7, 8, 9, 11, 12, 17, 18, 19, 20, 22, 30, 31, 32, 37, 38, 39, 40, 41, 43, 44, 46, 47, 48, 51, 54, 55, 56, 57, 58, 60, 61, 63, 64, 65, 70, 71, 72, 73, 75, 76, 78, 79, 80, 83, 84, 85, 86, 87, 88, 90, 91, 93, 94, 97, 98, 99, 100, 101, 102, 104, 105, 108, 109, 110, 111, 112, 114, 115, 116, 118, 119, 121, 122, 124, 125, 128, 129, 130, 131, 132, 133, 135, 136, 137, 139, 140, 145, 146, 147, 148, 149, 150, 153, 154, 155, 156, 157, 159, 160, 162, 167, 168, 169, 170, 172, 173, 175, 176, 178, 179, 181, 182], "summary": {"covered_lines": 116, "num_statements": 128, "percent_covered": 90.625, "percent_covered_display": "91", "missing_lines": 12, "excluded_lines": 0}, "missing_lines": [13, 14, 33, 34, 49, 50, 66, 67, 141, 142, 163, 164], "excluded_lines": []}}}, "tests\\test_handlers.py": {"executed_lines": [1, 2, 4, 6, 7, 10, 11, 12, 13, 14, 16, 17, 19, 20, 22, 23, 25, 26, 27, 28, 31, 32, 33, 34, 35, 36, 37, 38, 40, 41, 43, 44, 47, 48, 49, 50, 52, 53, 55, 59, 60, 61, 62, 63, 64, 66, 67, 70, 71, 72, 73, 74, 76, 77, 79, 80, 82, 83, 86, 87, 88, 90, 91, 93, 94, 95, 96, 101, 102, 103, 104, 105, 106, 108, 109, 110, 111, 113, 114, 115, 118, 119, 120, 121, 122, 125, 126, 127, 128, 129, 131, 132, 133, 135, 136, 137, 139, 140, 141, 142, 145, 146, 147, 148, 149, 150, 152, 153, 154, 155, 157, 158, 159, 162, 163, 164, 165, 167, 168, 169, 171, 172, 173, 175, 176, 179, 180, 181, 182, 183, 184, 185, 186, 190, 191, 192, 193, 194, 195, 196, 197, 199, 200, 201, 202, 203, 204, 205, 207, 208, 211, 212, 215, 216, 217, 218, 219, 221, 222, 223, 225, 227, 228, 229, 232, 233, 234, 235, 236, 238, 239, 240, 243, 244, 245, 246, 247, 248, 250, 251, 252, 254, 255, 257, 258, 263, 264, 265, 266, 267, 268, 270, 271, 277, 278, 281, 282, 283, 284, 285, 287, 288, 289, 291, 292], "summary": {"covered_lines": 205, "num_statements": 215, "percent_covered": 95.34883720930233, "percent_covered_display": "95", "missing_lines": 10, "excluded_lines": 0}, "missing_lines": [56, 97, 98, 210, 259, 260, 272, 274, 275, 276], "excluded_lines": [], "functions": {"FakeState.__init__": {"executed_lines": [12, 13, 14], "summary": {"covered_lines": 3, "num_statements": 3, "percent_covered": 100.0, "percent_covered_display": "100", "missing_lines": 0, "excluded_lines": 0}, "missing_lines": [], "excluded_lines": []}, "FakeState.update_data": {"executed_lines": [17], "summary": {"covered_lines": 1, "num_statements": 1, "percent_covered": 100.0, "percent_covered_display": "100", "missing_lines": 0, "excluded_lines": 0}, "missing_lines": [], "excluded_lines": []}, "FakeState.set_state": {"executed_lines": [20], "summary": {"covered_lines": 1, "num_statements": 1, "percent_covered": 100.0, "percent_covered_display": "100", "missing_lines": 0, "excluded_lines": 0}, "missing_lines": [], "excluded_lines": []}, "FakeState.get_data": {"executed_lines": [23], "summary": {"covered_lines": 1, "num_statements": 1, "percent_covered": 100.0, "percent_covered_display": "100", "missing_lines": 0, "excluded_lines": 0}, "missing_lines": [], "excluded_lines": []}, "FakeState.clear": {"executed_lines": [26, 27, 28], "summary": {"covered_lines": 3, "num_statements": 3, "percent_covered": 100.0, "percent_covered_display": "100", "missing_lines": 0, "excluded_lines": 0}, "missing_lines": [], "excluded_lines": []}, "FakeMessage.__init__": {"executed_lines": [33, 34, 35, 36, 37, 38], "summary": {"covered_lines": 6, "num_statements": 6, "percent_covered": 100.0, "percent_covered_display": "100", "missing_lines": 0, "excluded_lines": 0}, "missing_lines": [], "excluded_lines": []}, "FakeMessage.answer": {"executed_lines": [41], "summary": {"covered_lines": 1, "num_statements": 1, "percent_covered": 100.0, "percent_covered_display": "100", "missing_lines": 0, "excluded_lines": 0}, "missing_lines": [], "excluded_lines": []}, "FakeMessage.answer_photo": {"executed_lines": [44], "summary": {"covered_lines": 1, "num_statements": 1, "percent_covered": 100.0, "percent_covered_display": "100", "missing_lines": 0, "excluded_lines": 0}, "missing_lines": [], "excluded_lines": []}, "DummyBot.__init__": {"executed_lines": [49, 50], "summary": {"covered_lines": 2, "num_statements": 2, "percent_covered": 100.0, "percent_covered_display": "100", "missing_lines": 0, "excluded_lines": 0}, "missing_lines": [], "excluded_lines": []}, "DummyBot.send_message": {"executed_lines": [53], "summary": {"covered_lines": 1, "num_statements": 1, "percent_covered": 100.0, "percent_covered_display": "100", "missing_lines": 0, "excluded_lines": 0}, "missing_lines": [], "excluded_lines": []}, "DummyBot.send_photo": {"executed_lines": [], "summary": {"covered_lines": 0, "num_statements": 1, "percent_covered": 0.0, "percent_covered_display": "0", "missing_lines": 1, "excluded_lines": 0}, "missing_lines": [56], "excluded_lines": []}, "FakeCallback.__init__": {"executed_lines": [61, 62, 63, 64], "summary": {"covered_lines": 4, "num_statements": 4, "percent_covered": 100.0, "percent_covered_display": "100", "missing_lines": 0, "excluded_lines": 0}, "missing_lines": [], "excluded_lines": []}, "FakeCallback.answer": {"executed_lines": [67], "summary": {"covered_lines": 1, "num_statements": 1, "percent_covered": 100.0, "percent_covered_display": "100", "missing_lines": 0, "excluded_lines": 0}, "missing_lines": [], "excluded_lines": []}, "test_profile_creation_flow": {"executed_lines": [72, 73, 74, 76, 77, 79, 80, 82, 83, 86, 87, 88, 90, 91, 93, 94, 95, 96], "summary": {"covered_lines": 18, "num_statements": 20, "percent_covered": 90.0, "percent_covered_display": "90", "missing_lines": 2, "excluded_lines": 0}, "missing_lines": [97, 98], "excluded_lines": []}, "test_profile_cmd_start_paths": {"executed_lines": [103, 104, 105, 106, 108, 109, 110, 111, 113, 114, 115], "summary": {"covered_lines": 11, "num_statements": 11, "percent_covered": 100.0, "percent_covered_display": "100", "missing_lines": 0, "excluded_lines": 0}, "missing_lines": [], "excluded_lines": []}, "test_profile_edit_requires_active_user": {"executed_lines": [120, 121, 122], "summary": {"covered_lines": 3, "num_statements": 3, "percent_covered": 100.0, "percent_covered_display": "100", "missing_lines": 0, "excluded_lines": 0}, "missing_lines": [], "excluded_lines": []}, "test_profile_photo_moderation_flow": {"executed_lines": [127, 128, 129, 131, 132, 133, 135, 136, 137, 139, 140, 141, 142], "summary": {"covered_lines": 13, "num_statements": 13, "percent_covered": 100.0, "percent_covered_display": "100", "missing_lines": 0, "excluded_lines": 0}, "missing_lines": [], "excluded_lines": []}, "test_profile_skip_photo_when_editing": {"executed_lines": [147, 148, 149, 150, 152, 153, 154, 155, 157, 158, 159], "summary": {"covered_lines": 11, "num_statements": 11, "percent_covered": 100.0, "percent_covered_display": "100", "missing_lines": 0, "excluded_lines": 0}, "missing_lines": [], "excluded_lines": []}, "test_profile_invalid_inputs": {"executed_lines": [164, 165, 167, 168, 169, 171, 172, 173, 175, 176], "summary": {"covered_lines": 10, "num_statements": 10, "percent_covered": 100.0, "percent_covered_display": "100", "missing_lines": 0, "excluded_lines": 0}, "missing_lines": [], "excluded_lines": []}, "test_profile_description_too_long": {"executed_lines": [181, 182, 183, 184, 185, 186], "summary": {"covered_lines": 6, "num_statements": 6, "percent_covered": 100.0, "percent_covered_display": "100", "missing_lines": 0, "excluded_lines": 0}, "missing_lines": [], "excluded_lines": []}, "test_browse_flow_shows_candidate": {"executed_lines": [192, 193, 194, 195, 196, 197, 199, 200, 201, 202, 203, 204, 205, 207, 208, 211, 212], "summary": {"covered_lines": 17, "num_statements": 18, "percent_covered": 94.44444444444444, "percent_covered_display": "94", "missing_lines": 1, "excluded_lines": 0}, "missing_lines": [210], "excluded_lines": []}, "test_browse_show_my_likes": {"executed_lines": [217, 218, 219, 221, 222, 223, 225, 227, 228, 229], "summary": {"covered_lines": 10, "num_statements": 10, "percent_covered": 100.0, "percent_covered_display": "100", "missing_lines": 0, "excluded_lines": 0}, "missing_lines": [], "excluded_lines": []}, "test_browse_show_my_likes_empty": {"executed_lines": [234, 235, 236, 238, 239, 240], "summary": {"covered_lines": 6, "num_statements": 6, "percent_covered": 100.0, "percent_covered_display": "100", "missing_lines": 0, "excluded_lines": 0}, "missing_lines": [], "excluded_lines": []}, "test_browse_process_like": {"executed_lines": [245, 246, 247, 248, 250, 251, 252, 254, 255, 257, 258], "summary": {"covered_lines": 11, "num_statements": 13, "percent_covered": 84.61538461538461, "percent_covered_display": "85", "missing_lines": 2, "excluded_lines": 0}, "missing_lines": [259, 260], "excluded_lines": []}, "test_browse_process_like_edges": {"executed_lines": [265, 266, 267, 268, 270, 271, 277, 278], "summary": {"covered_lines": 8, "num_statements": 12, "percent_covered": 66.66666666666667, "percent_covered_display": "67", "missing_lines": 4, "excluded_lines": 0}, "missing_lines": [272, 274, 275, 276], "excluded_lines": []}, "test_browse_process_skip_and_no_candidates": {"executed_lines": [283, 284, 285, 287, 288, 289, 291, 292], "summary": {"covered_lines": 8, "num_statements": 8, "percent_covered": 100.0, "percent_covered_display": "100", "missing_lines": 0, "excluded_lines": 0}, "missing_lines": [], "excluded_lines": []}, "": {"executed_lines": [1, 2, 4, 6, 7, 10, 11, 16, 19, 22, 25, 31, 32, 40, 43, 47, 48, 52, 55, 59, 60, 66, 70, 71, 101, 102, 118, 119, 125, 126, 145, 146, 162, 163, 179, 180, 190, 191, 215, 216, 232, 233, 243, 244, 263, 264, 281, 282], "summary": {"covered_lines": 48, "num_statements": 48, "percent_covered": 100.0, "percent_covered_display": "100", "missing_lines": 0, "excluded_lines": 0}, "missing_lines": [], "excluded_lines": []}}, "classes": {"FakeState": {"executed_lines": [12, 13, 14, 17, 20, 23, 26, 27, 28], "summary": {"covered_lines": 9, "num_statements": 9, "percent_covered": 100.0, "percent_covered_display": "100", "missing_lines": 0, "excluded_lines": 0}, "missing_lines": [], "excluded_lines": []}, "FakeMessage": {"executed_lines": [33, 34, 35, 36, 37, 38, 41, 44], "summary": {"covered_lines": 8, "num_statements": 8, "percent_covered": 100.0, "percent_covered_display": "100", "missing_lines": 0, "excluded_lines": 0}, "missing_lines": [], "excluded_lines": []}, "DummyBot": {"executed_lines": [49, 50, 53], "summary": {"covered_lines": 3, "num_statements": 4, "percent_covered": 75.0, "percent_covered_display": "75", "missing_lines": 1, "excluded_lines": 0}, "missing_lines": [56], "excluded_lines": []}, "FakeCallback": {"executed_lines": [61, 62, 63, 64, 67], "summary": {"covered_lines": 5, "num_statements": 5, "percent_covered": 100.0, "percent_covered_display": "100", "missing_lines": 0, "excluded_lines": 0}, "missing_lines": [], "excluded_lines": []}, "": {"executed_lines": [1, 2, 4, 6, 7, 10, 11, 16, 19, 22, 25, 31, 32, 40, 43, 47, 48, 52, 55, 59, 60, 66, 70, 71, 72, 73, 74, 76, 77, 79, 80, 82, 83, 86, 87, 88, 90, 91, 93, 94, 95, 96, 101, 102, 103, 104, 105, 106, 108, 109, 110, 111, 113, 114, 115, 118, 119, 120, 121, 122, 125, 126, 127, 128, 129, 131, 132, 133, 135, 136, 137, 139, 140, 141, 142, 145, 146, 147, 148, 149, 150, 152, 153, 154, 155, 157, 158, 159, 162, 163, 164, 165, 167, 168, 169, 171, 172, 173, 175, 176, 179, 180, 181, 182, 183, 184, 185, 186, 190, 191, 192, 193, 194, 195, 196, 197, 199, 200, 201, 202, 203, 204, 205, 207, 208, 211, 212, 215, 216, 217, 218, 219, 221, 222, 223, 225, 227, 228, 229, 232, 233, 234, 235, 236, 238, 239, 240, 243, 244, 245, 246, 247, 248, 250, 251, 252, 254, 255, 257, 258, 263, 264, 265, 266, 267, 268, 270, 271, 277, 278, 281, 282, 283, 284, 285, 287, 288, 289, 291, 292], "summary": {"covered_lines": 180, "num_statements": 189, "percent_covered": 95.23809523809524, "percent_covered_display": "95", "missing_lines": 9, "excluded_lines": 0}, "missing_lines": [97, 98, 210, 259, 260, 272, 274, 275, 276], "excluded_lines": []}}}, "tests\\test_main.py": {"executed_lines": [1, 3, 6, 7, 8, 10, 11, 13, 14, 16, 17], "summary": {"covered_lines": 11, "num_statements": 11, "percent_covered": 100.0, "percent_covered_display": "100", "missing_lines": 0, "excluded_lines": 0}, "missing_lines": [], "excluded_lines": [], "functions": {"test_main_starts_polling": {"executed_lines": [8, 10, 13, 14, 16, 17], "summary": {"covered_lines": 6, "num_statements": 6, "percent_covered": 100.0, "percent_covered_display": "100", "missing_lines": 0, "excluded_lines": 0}, "missing_lines": [], "excluded_lines": []}, "test_main_starts_polling.fake_polling": {"executed_lines": [11], "summary": {"covered_lines": 1, "num_statements": 1, "percent_covered": 100.0, "percent_covered_display": "100", "missing_lines": 0, "excluded_lines": 0}, "missing_lines": [], "excluded_lines": []}, "": {"executed_lines": [1, 3, 6, 7], "summary": {"covered_lines": 4, "num_statements": 4, "percent_covered": 100.0, "percent_covered_display": "100", "missing_lines": 0, "excluded_lines": 0}, "missing_lines": [], "excluded_lines": []}}, "classes": {"": {"executed_lines": [1, 3, 6, 7, 8, 10, 11, 13, 14, 16, 17], "summary": {"covered_lines": 11, "num_statements": 11, "percent_covered": 100.0, "percent_covered_display": "100", "missing_lines": 0, "excluded_lines": 0}, "missing_lines": [], "excluded_lines": []}}}, "tests\\test_storage.py": {"executed_lines": [1, 4, 5, 6, 7, 9, 10, 11, 12, 14, 15, 16, 17, 20, 21, 22, 23, 25, 26, 28, 29, 30, 31, 34, 35, 36, 37, 38, 40, 41, 42, 44, 45, 46, 51, 52, 53, 54, 55, 56, 58, 59, 60, 61, 62, 63, 65, 66, 68, 69, 70, 72, 73, 74, 79, 80, 81, 82, 84, 85, 87, 88], "summary": {"covered_lines": 62, "num_statements": 66, "percent_covered": 93.93939393939394, "percent_covered_display": "94", "missing_lines": 4, "excluded_lines": 0}, "missing_lines": [47, 48, 75, 76], "excluded_lines": [], "functions": {"test_storage_create_and_save": {"executed_lines": [6, 7, 9, 10, 11, 12, 14, 15, 16, 17], "summary": {"covered_lines": 10, "num_statements": 10, "percent_covered": 100.0, "percent_covered_display": "100", "missing_lines": 0, "excluded_lines": 0}, "missing_lines": [], "excluded_lines": []}, "test_storage_likes": {"executed_lines": [22, 23, 25, 26, 28, 29, 30, 31], "summary": {"covered_lines": 8, "num_statements": 8, "percent_covered": 100.0, "percent_covered_display": "100", "missing_lines": 0, "excluded_lines": 0}, "missing_lines": [], "excluded_lines": []}, "test_storage_moderation": {"executed_lines": [36, 37, 38, 40, 41, 42, 44, 45, 46], "summary": {"covered_lines": 9, "num_statements": 11, "percent_covered": 81.81818181818181, "percent_covered_display": "82", "missing_lines": 2, "excluded_lines": 0}, "missing_lines": [47, 48], "excluded_lines": []}, "test_storage_delete_and_candidates": {"executed_lines": [53, 54, 55, 56, 58, 59, 60, 61, 62, 63, 65, 66, 68, 69, 70, 72, 73, 74], "summary": {"covered_lines": 18, "num_statements": 20, "percent_covered": 90.0, "percent_covered_display": "90", "missing_lines": 2, "excluded_lines": 0}, "missing_lines": [75, 76], "excluded_lines": []}, "test_storage_moderation_helpers": {"executed_lines": [81, 82, 84, 85, 87, 88], "summary": {"covered_lines": 6, "num_statements": 6, "percent_covered": 100.0, "percent_covered_display": "100", "missing_lines": 0, "excluded_lines": 0}, "missing_lines": [], "excluded_lines": []}, "": {"executed_lines": [1, 4, 5, 20, 21, 34, 35, 51, 52, 79, 80], "summary": {"covered_lines": 11, "num_statements": 11, "percent_covered": 100.0, "percent_covered_display": "100", "missing_lines": 0, "excluded_lines": 0}, "missing_lines": [], "excluded_lines": []}}, "classes": {"": {"executed_lines": [1, 4, 5, 6, 7, 9, 10, 11, 12, 14, 15, 16, 17, 20, 21, 22, 23, 25, 26, 28, 29, 30, 31, 34, 35, 36, 37, 38, 40, 41, 42, 44, 45, 46, 51, 52, 53, 54, 55, 56, 58, 59, 60, 61, 62, 63, 65, 66, 68, 69, 70, 72, 73, 74, 79, 80, 81, 82, 84, 85, 87, 88], "summary": {"covered_lines": 62, "num_statements": 66, "percent_covered": 93.93939393939394, "percent_covered_display": "94", "missing_lines": 4, "excluded_lines": 0}, "missing_lines": [47, 48, 75, 76], "excluded_lines": []}}}}, "totals": {"covered_lines": 1228, "num_statements": 1608, "percent_covered": 76.3681592039801, "percent_covered_display": "76", "missing_lines": 380, "excluded_lines": 0}}